 Fermi distribution function

Calculation with static geometry


********************************************************************************
 iSCC Total electronic   Diff electronic      SCC error    
   21   -0.43386277E+02    0.68212103E-12    0.76385476E-09
********************************************************************************

 Total charge:    -0.00000000

 Atomic gross charges (e)
 Atom           Charge
    1      -0.06584629
    2      -0.05354409
    3      -0.06570146
    4      -0.05373334
    5       0.05142265
    6       0.05223524
    7       0.07847317
    8       0.07664688
    9       0.01345126
   10       0.01922803
   11       0.01389335
   12       0.01906552
   13      -0.18341553
   14      -0.16760170
   15       0.07948988
   16       0.12429753
   17       0.01164233
   18      -0.27931746
   19       0.32931403

Nr. of electrons (up):    171.00000000
Atom populations (up)
 Atom       Population
    1      10.06584629
    2      10.05354409
    3      10.06570146
    4      10.05373334
    5       9.94857735
    6       9.94776476
    7       9.92152683
    8       9.92335312
    9       9.98654874
   10       9.98077197
   11       9.98610665
   12       9.98093448
   13      10.18341553
   14      10.16760170
   15       9.92051012
   16       9.87570247
   17       3.98835767
   18       6.27931746
   19       0.67068597

l-shell populations (up)
 Atom Sh.   l       Population
    1   1   0       0.87408621
    1   2   1       0.44621312
    1   3   2       8.74554696
    2   1   0       0.87195088
    2   2   1       0.44919964
    2   3   2       8.73239358
    3   1   0       0.87410150
    3   2   1       0.44620657
    3   3   2       8.74539338
    4   1   0       0.87191715
    4   2   1       0.44918856
    4   3   2       8.73262762
    5   1   0       0.77982515
    5   2   1       0.47709598
    5   3   2       8.69165622
    6   1   0       0.78054475
    6   2   1       0.47784486
    6   3   2       8.68937516
    7   1   0       0.79862710
    7   2   1       0.49904954
    7   3   2       8.62385019
    8   1   0       0.79876066
    8   2   1       0.49952478
    8   3   2       8.62506769
    9   1   0       0.78675583
    9   2   1       0.47707017
    9   3   2       8.72272274
   10   1   0       0.80623622
   10   2   1       0.47776768
   10   3   2       8.69676807
   11   1   0       0.78681312
   11   2   1       0.47711816
   11   3   2       8.72217537
   12   1   0       0.80625745
   12   2   1       0.47765344
   12   3   2       8.69702360
   13   1   0       0.86520672
   13   2   1       0.48118018
   13   3   2       8.83702864
   14   1   0       0.86311465
   14   2   1       0.47944893
   14   3   2       8.82503811
   15   1   0       0.88729214
   15   2   1       0.59309950
   15   3   2       8.44011847
   16   1   0       0.88304490
   16   2   1       0.58516672
   16   3   2       8.40749084
   17   1   0       1.36256099
   17   2   1       2.62579668
   18   1   0       1.70925668
   18   2   1       4.57006079
   19   1   0       0.67068597

Orbital populations (up)
 Atom Sh.   l   m       Population  Label
    1   1   0   0       0.87408621  s
    1   2   1  -1       0.15743492  p_y
    1   2   1   0       0.13199856  p_z
    1   2   1   1       0.15677964  p_x
    1   3   2  -2       1.83435399  d_xy
    1   3   2  -1       1.76922562  d_yz
    1   3   2   0       1.86185268  d_z2
    1   3   2   1       1.77451732  d_xz
    1   3   2   2       1.50559735  d_x2-y2
    2   1   0   0       0.87195088  s
    2   2   1  -1       0.15864937  p_y
    2   2   1   0       0.13192339  p_z
    2   2   1   1       0.15862688  p_x
    2   3   2  -2       1.83326594  d_xy
    2   3   2  -1       1.75907433  d_yz
    2   3   2   0       1.85897768  d_z2
    2   3   2   1       1.76746240  d_xz
    2   3   2   2       1.51361323  d_x2-y2
    3   1   0   0       0.87410150  s
    3   2   1  -1       0.15743834  p_y
    3   2   1   0       0.13198493  p_z
    3   2   1   1       0.15678330  p_x
    3   3   2  -2       1.83433734  d_xy
    3   3   2  -1       1.76908614  d_yz
    3   3   2   0       1.86184903  d_z2
    3   3   2   1       1.77444070  d_xz
    3   3   2   2       1.50568016  d_x2-y2
    4   1   0   0       0.87191715  s
    4   2   1  -1       0.15864303  p_y
    4   2   1   0       0.13192725  p_z
    4   2   1   1       0.15861828  p_x
    4   3   2  -2       1.83327004  d_xy
    4   3   2  -1       1.75918735  d_yz
    4   3   2   0       1.85897981  d_z2
    4   3   2   1       1.76765061  d_xz
    4   3   2   2       1.51353981  d_x2-y2
    5   1   0   0       0.77982515  s
    5   2   1  -1       0.15423770  p_y
    5   2   1   0       0.16541577  p_z
    5   2   1   1       0.15744250  p_x
    5   3   2  -2       1.88074407  d_xy
    5   3   2  -1       1.66049043  d_yz
    5   3   2   0       1.83622823  d_z2
    5   3   2   1       1.65462380  d_xz
    5   3   2   2       1.65956969  d_x2-y2
    6   1   0   0       0.78054475  s
    6   2   1  -1       0.15444041  p_y
    6   2   1   0       0.16563197  p_z
    6   2   1   1       0.15777247  p_x
    6   3   2  -2       1.88038475  d_xy
    6   3   2  -1       1.65935944  d_yz
    6   3   2   0       1.83648909  d_z2
    6   3   2   1       1.65305568  d_xz
    6   3   2   2       1.66008620  d_x2-y2
    7   1   0   0       0.79862710  s
    7   2   1  -1       0.16276712  p_y
    7   2   1   0       0.17488973  p_z
    7   2   1   1       0.16139270  p_x
    7   3   2  -2       1.86624551  d_xy
    7   3   2  -1       1.63641545  d_yz
    7   3   2   0       1.83495268  d_z2
    7   3   2   1       1.62042632  d_xz
    7   3   2   2       1.66581024  d_x2-y2
    8   1   0   0       0.79876066  s
    8   2   1  -1       0.16289467  p_y
    8   2   1   0       0.17503423  p_z
    8   2   1   1       0.16159588  p_x
    8   3   2  -2       1.86670532  d_xy
    8   3   2  -1       1.63673367  d_yz
    8   3   2   0       1.83513102  d_z2
    8   3   2   1       1.62031161  d_xz
    8   3   2   2       1.66618606  d_x2-y2
    9   1   0   0       0.78675583  s
    9   2   1  -1       0.15611080  p_y
    9   2   1   0       0.16487225  p_z
    9   2   1   1       0.15608712  p_x
    9   3   2  -2       1.85451901  d_xy
    9   3   2  -1       1.68548270  d_yz
    9   3   2   0       1.84621205  d_z2
    9   3   2   1       1.66140356  d_xz
    9   3   2   2       1.67510541  d_x2-y2
   10   1   0   0       0.80623622  s
   10   2   1  -1       0.16100400  p_y
   10   2   1   0       0.16305399  p_z
   10   2   1   1       0.15370970  p_x
   10   3   2  -2       1.84414218  d_xy
   10   3   2  -1       1.66133073  d_yz
   10   3   2   0       1.82747516  d_z2
   10   3   2   1       1.68084105  d_xz
   10   3   2   2       1.68297895  d_x2-y2
   11   1   0   0       0.78681312  s
   11   2   1  -1       0.15613481  p_y
   11   2   1   0       0.16487920  p_z
   11   2   1   1       0.15610415  p_x
   11   3   2  -2       1.85444402  d_xy
   11   3   2  -1       1.68520310  d_yz
   11   3   2   0       1.84619146  d_z2
   11   3   2   1       1.66110330  d_xz
   11   3   2   2       1.67523349  d_x2-y2
   12   1   0   0       0.80625745  s
   12   2   1  -1       0.16098593  p_y
   12   2   1   0       0.16299470  p_z
   12   2   1   1       0.15367280  p_x
   12   3   2  -2       1.84408692  d_xy
   12   3   2  -1       1.66139616  d_yz
   12   3   2   0       1.82743453  d_z2
   12   3   2   1       1.68113529  d_xz
   12   3   2   2       1.68297070  d_x2-y2
   13   1   0   0       0.86520672  s
   13   2   1  -1       0.16218706  p_y
   13   2   1   0       0.14944930  p_z
   13   2   1   1       0.16954382  p_x
   13   3   2  -2       1.85719045  d_xy
   13   3   2  -1       1.74785526  d_yz
   13   3   2   0       1.88843551  d_z2
   13   3   2   1       1.78370411  d_xz
   13   3   2   2       1.55984331  d_x2-y2
   14   1   0   0       0.86311465  s
   14   2   1  -1       0.16238052  p_y
   14   2   1   0       0.14874622  p_z
   14   2   1   1       0.16832219  p_x
   14   3   2  -2       1.85515040  d_xy
   14   3   2  -1       1.74240198  d_yz
   14   3   2   0       1.88809628  d_z2
   14   3   2   1       1.78135174  d_xz
   14   3   2   2       1.55803772  d_x2-y2
   15   1   0   0       0.88729214  s
   15   2   1  -1       0.21470066  p_y
   15   2   1   0       0.21456989  p_z
   15   2   1   1       0.16382895  p_x
   15   3   2  -2       1.82452793  d_xy
   15   3   2  -1       1.78793454  d_yz
   15   3   2   0       1.79789558  d_z2
   15   3   2   1       1.46502556  d_xz
   15   3   2   2       1.56473486  d_x2-y2
   16   1   0   0       0.88304490  s
   16   2   1  -1       0.21136716  p_y
   16   2   1   0       0.21452971  p_z
   16   2   1   1       0.15926985  p_x
   16   3   2  -2       1.81929528  d_xy
   16   3   2  -1       1.78570152  d_yz
   16   3   2   0       1.79148076  d_z2
   16   3   2   1       1.45786180  d_xz
   16   3   2   2       1.55315148  d_x2-y2
   17   1   0   0       1.36256099  s
   17   2   1  -1       0.77148942  p_y
   17   2   1   0       0.83882576  p_z
   17   2   1   1       1.01548151  p_x
   18   1   0   0       1.70925668  s
   18   2   1  -1       1.76007188  p_y
   18   2   1   0       1.31205727  p_z
   18   2   1   1       1.49793164  p_x
   19   1   0   0       0.67068597  s

Fermi level:                        -0.1376201048 H           -3.7448 eV
Band energy:                       -44.1159483510 H        -1200.4560 eV
TS:                                  0.0025913852 H            0.0705 eV
Band free energy (E-TS):           -44.1185397362 H        -1200.5265 eV
Extrapolated E(0K):                -44.1172440436 H        -1200.4913 eV
Input / Output electrons (q):    171.0000000000    171.0000000000

Energy H0:                         -43.3991162199 H        -1180.9500 eV
Energy SCC:                          0.0128392915 H            0.3494 eV
Total Electronic energy:           -43.3862769284 H        -1180.6007 eV
Repulsive energy:                   -1.4370748464 H          -39.1048 eV
Total energy:                      -44.8233517748 H        -1219.7055 eV
Extrapolated to 0:                 -44.8246474674 H        -1219.7407 eV
Total Mermin free energy:          -44.8259431601 H        -1219.7760 eV
Force related energy:              -44.8259431601 H        -1219.7760 eV

SCC converged

Total Forces
    1     -0.000022256158      0.001114962294      0.010173023713
    2     -0.000111626446      0.001262617723      0.012781738364
    3     -0.000030112905     -0.001091893973      0.010216661310
    4     -0.000117694351     -0.001274463031      0.012732867008
    5     -0.001961694142     -0.000029395814     -0.019228285391
    6      0.003169207358     -0.000030492341     -0.019011075784
    7     -0.000209059941     -0.000026141922     -0.021133809704
    8      0.001349651495     -0.000012874441     -0.021487208099
    9      0.000097935123      0.007414820893      0.012859625875
   10     -0.000931034154     -0.002643020758      0.003418819863
   11      0.000226902415     -0.007558833423      0.012999791715
   12     -0.000884007430      0.002915463428      0.003059559851
   13     -0.003393715091      0.000182216111      0.017972288232
   14      0.003310571364      0.000050707819      0.017433655249
   15      0.034515819569     -0.000131335978      0.000223352304
   16     -0.034972557568     -0.000100930075     -0.004937286856
   17      0.002891514013     -0.000058981856     -0.045895435728
   18     -0.006596495363      0.000028227937      0.016615065200
   19      0.003668652212     -0.000010652592      0.001206652878

Total stress tensor
     -0.000147877676      0.000000009417     -0.000003258895
      0.000000009417     -0.000132683274     -0.000000000816
     -0.000003258894     -0.000000000816     -0.000015488259

Total lattice derivs
      0.062128870381     -0.000003956386      0.001369181937
     -0.000003956437      0.055745141106      0.000000342822
      0.000366841931      0.000000091860      0.001743457183

Maximal derivative component:        0.458954E-01 au

Volume:                              0.445754E+04 au^3
Pressure:                           -0.986831E-04 au    -0.290336E+10 Pa

Warning: dipole moment is not defined absolutely!
Dipole moment:    0.06536504    1.31303407    1.09309444 au
Dipole moment:    0.16614136    3.33739999    2.77836915 Debye


