 Fermi distribution function

Calculation with static geometry


********************************************************************************
 iSCC Total electronic   Diff electronic      SCC error    
   22   -0.43321766E+02    0.13145041E-11    0.11969270E-09
********************************************************************************

 Total charge:    -0.00000000

 Atomic gross charges (e)
 Atom           Charge
    1      -0.09117075
    2      -0.04475389
    3      -0.03508459
    4      -0.04435373
    5       0.07356437
    6       0.07354013
    7       0.07388946
    8       0.07375938
    9      -0.04892205
   10      -0.04379501
   11      -0.04136807
   12       0.00243272
   13       0.01837558
   14       0.08766547
   15       0.01762508
   16       0.08779157
   17       0.00022686
   18      -0.22482251
   19       0.06539997

Nr. of electrons (up):    171.00000000
Atom populations (up)
 Atom       Population
    1      10.09117075
    2      10.04475389
    3      10.03508459
    4      10.04435373
    5       9.92643563
    6       9.92645987
    7       9.92611054
    8       9.92624062
    9      10.04892205
   10      10.04379501
   11      10.04136807
   12       9.99756728
   13       9.98162442
   14       9.91233453
   15       9.98237492
   16       9.91220843
   17       3.99977314
   18       6.22482251
   19       0.93460003

l-shell populations (up)
 Atom Sh.   l       Population
    1   1   0       0.87417955
    1   2   1       0.44411828
    1   3   2       8.77287293
    2   1   0       0.87537550
    2   2   1       0.44701625
    2   3   2       8.72236214
    3   1   0       0.87180612
    3   2   1       0.44700027
    3   3   2       8.71627820
    4   1   0       0.86580390
    4   2   1       0.45368367
    4   3   2       8.72486617
    5   1   0       0.78950184
    5   2   1       0.48638932
    5   3   2       8.65054447
    6   1   0       0.78471771
    6   2   1       0.48720540
    6   3   2       8.65453676
    7   1   0       0.78956569
    7   2   1       0.48646106
    7   3   2       8.65008378
    8   1   0       0.78479470
    8   2   1       0.48724982
    8   3   2       8.65419610
    9   1   0       0.78164396
    9   2   1       0.47068308
    9   3   2       8.79659500
   10   1   0       0.79261859
   10   2   1       0.48825224
   10   3   2       8.76292418
   11   1   0       0.79846683
   11   2   1       0.48502146
   11   3   2       8.75787978
   12   1   0       0.84647573
   12   2   1       0.48994910
   12   3   2       8.66114244
   13   1   0       0.85509356
   13   2   1       0.51928063
   13   3   2       8.60725023
   14   1   0       0.79448386
   14   2   1       0.55348823
   14   3   2       8.56436244
   15   1   0       0.85533357
   15   2   1       0.51898158
   15   3   2       8.60805976
   16   1   0       0.79455679
   16   2   1       0.55339599
   16   3   2       8.56425565
   17   1   0       1.29945597
   17   2   1       2.70031717
   18   1   0       1.77083378
   18   2   1       4.45398873
   19   1   0       0.93460003

Orbital populations (up)
 Atom Sh.   l   m       Population  Label
    1   1   0   0       0.87417955  s
    1   2   1  -1       0.15337785  p_y
    1   2   1   0       0.13555153  p_z
    1   2   1   1       0.15518890  p_x
    1   3   2  -2       1.83146220  d_xy
    1   3   2  -1       1.79116090  d_yz
    1   3   2   0       1.86395794  d_z2
    1   3   2   1       1.79583822  d_xz
    1   3   2   2       1.49045367  d_x2-y2
    2   1   0   0       0.87537550  s
    2   2   1  -1       0.15634846  p_y
    2   2   1   0       0.13065810  p_z
    2   2   1   1       0.16000969  p_x
    2   3   2  -2       1.82852249  d_xy
    2   3   2  -1       1.75893047  d_yz
    2   3   2   0       1.85914023  d_z2
    2   3   2   1       1.76228961  d_xz
    2   3   2   2       1.51347933  d_x2-y2
    3   1   0   0       0.87180612  s
    3   2   1  -1       0.16111976  p_y
    3   2   1   0       0.12883105  p_z
    3   2   1   1       0.15704946  p_x
    3   3   2  -2       1.82651619  d_xy
    3   3   2  -1       1.77345644  d_yz
    3   3   2   0       1.85345405  d_z2
    3   3   2   1       1.74524819  d_xz
    3   3   2   2       1.51760334  d_x2-y2
    4   1   0   0       0.86580390  s
    4   2   1  -1       0.16022679  p_y
    4   2   1   0       0.13312831  p_z
    4   2   1   1       0.16032858  p_x
    4   3   2  -2       1.80944106  d_xy
    4   3   2  -1       1.76925710  d_yz
    4   3   2   0       1.86697955  d_z2
    4   3   2   1       1.76672175  d_xz
    4   3   2   2       1.51246670  d_x2-y2
    5   1   0   0       0.78950184  s
    5   2   1  -1       0.15954280  p_y
    5   2   1   0       0.16976237  p_z
    5   2   1   1       0.15708414  p_x
    5   3   2  -2       1.86837299  d_xy
    5   3   2  -1       1.64729533  d_yz
    5   3   2   0       1.83394871  d_z2
    5   3   2   1       1.64150546  d_xz
    5   3   2   2       1.65942198  d_x2-y2
    6   1   0   0       0.78471771  s
    6   2   1  -1       0.15950080  p_y
    6   2   1   0       0.16914865  p_z
    6   2   1   1       0.15855595  p_x
    6   3   2  -2       1.86931313  d_xy
    6   3   2  -1       1.63040198  d_yz
    6   3   2   0       1.83859716  d_z2
    6   3   2   1       1.65141819  d_xz
    6   3   2   2       1.66480630  d_x2-y2
    7   1   0   0       0.78956569  s
    7   2   1  -1       0.15957590  p_y
    7   2   1   0       0.16978764  p_z
    7   2   1   1       0.15709752  p_x
    7   3   2  -2       1.86832285  d_xy
    7   3   2  -1       1.64716636  d_yz
    7   3   2   0       1.83393029  d_z2
    7   3   2   1       1.64121823  d_xz
    7   3   2   2       1.65944605  d_x2-y2
    8   1   0   0       0.78479470  s
    8   2   1  -1       0.15952539  p_y
    8   2   1   0       0.16916139  p_z
    8   2   1   1       0.15856304  p_x
    8   3   2  -2       1.86927837  d_xy
    8   3   2  -1       1.63029772  d_yz
    8   3   2   0       1.83859991  d_z2
    8   3   2   1       1.65117819  d_xz
    8   3   2   2       1.66484191  d_x2-y2
    9   1   0   0       0.78164396  s
    9   2   1  -1       0.15319696  p_y
    9   2   1   0       0.16334301  p_z
    9   2   1   1       0.15414312  p_x
    9   3   2  -2       1.86649648  d_xy
    9   3   2  -1       1.69300837  d_yz
    9   3   2   0       1.86769087  d_z2
    9   3   2   1       1.68068303  d_xz
    9   3   2   2       1.68871626  d_x2-y2
   10   1   0   0       0.79261859  s
   10   2   1  -1       0.15873813  p_y
   10   2   1   0       0.16975423  p_z
   10   2   1   1       0.15975989  p_x
   10   3   2  -2       1.85715218  d_xy
   10   3   2  -1       1.68477143  d_yz
   10   3   2   0       1.83779673  d_z2
   10   3   2   1       1.68747573  d_xz
   10   3   2   2       1.69572812  d_x2-y2
   11   1   0   0       0.79846683  s
   11   2   1  -1       0.15731506  p_y
   11   2   1   0       0.16516127  p_z
   11   2   1   1       0.16254513  p_x
   11   3   2  -2       1.84497304  d_xy
   11   3   2  -1       1.69409182  d_yz
   11   3   2   0       1.84840677  d_z2
   11   3   2   1       1.65558535  d_xz
   11   3   2   2       1.71482280  d_x2-y2
   12   1   0   0       0.84647573  s
   12   2   1  -1       0.16037894  p_y
   12   2   1   0       0.16800639  p_z
   12   2   1   1       0.16156377  p_x
   12   3   2  -2       1.80439017  d_xy
   12   3   2  -1       1.67615873  d_yz
   12   3   2   0       1.82835826  d_z2
   12   3   2   1       1.64587364  d_xz
   12   3   2   2       1.70636163  d_x2-y2
   13   1   0   0       0.85509356  s
   13   2   1  -1       0.16849113  p_y
   13   2   1   0       0.18498398  p_z
   13   2   1   1       0.16580552  p_x
   13   3   2  -2       1.83501655  d_xy
   13   3   2  -1       1.60278049  d_yz
   13   3   2   0       1.81003963  d_z2
   13   3   2   1       1.78575392  d_xz
   13   3   2   2       1.57365964  d_x2-y2
   14   1   0   0       0.79448386  s
   14   2   1  -1       0.17993128  p_y
   14   2   1   0       0.20345026  p_z
   14   2   1   1       0.17010669  p_x
   14   3   2  -2       1.84232971  d_xy
   14   3   2  -1       1.57608116  d_yz
   14   3   2   0       1.82276255  d_z2
   14   3   2   1       1.76764155  d_xz
   14   3   2   2       1.55554748  d_x2-y2
   15   1   0   0       0.85533357  s
   15   2   1  -1       0.16842116  p_y
   15   2   1   0       0.18481965  p_z
   15   2   1   1       0.16574077  p_x
   15   3   2  -2       1.83496655  d_xy
   15   3   2  -1       1.60341590  d_yz
   15   3   2   0       1.81042265  d_z2
   15   3   2   1       1.78581455  d_xz
   15   3   2   2       1.57344011  d_x2-y2
   16   1   0   0       0.79455679  s
   16   2   1  -1       0.17991442  p_y
   16   2   1   0       0.20342793  p_z
   16   2   1   1       0.17005365  p_x
   16   3   2  -2       1.84230537  d_xy
   16   3   2  -1       1.57622417  d_yz
   16   3   2   0       1.82264537  d_z2
   16   3   2   1       1.76750700  d_xz
   16   3   2   2       1.55557375  d_x2-y2
   17   1   0   0       1.29945597  s
   17   2   1  -1       0.93850619  p_y
   17   2   1   0       0.95829901  p_z
   17   2   1   1       0.80351197  p_x
   18   1   0   0       1.77083378  s
   18   2   1  -1       1.49907119  p_y
   18   2   1   0       1.66417711  p_z
   18   2   1   1       1.29074044  p_x
   19   1   0   0       0.93460003  s

Fermi level:                        -0.1483467477 H           -4.0367 eV
Band energy:                       -45.5742073632 H        -1240.1373 eV
TS:                                  0.0020862103 H            0.0568 eV
Band free energy (E-TS):           -45.5762935735 H        -1240.1940 eV
Extrapolated E(0K):                -45.5752504684 H        -1240.1657 eV
Input / Output electrons (q):    171.0000000000    171.0000000000

Energy H0:                         -43.3307198102 H        -1179.0889 eV
Energy SCC:                          0.0089535940 H            0.2436 eV
Total Electronic energy:           -43.3217662162 H        -1178.8452 eV
Repulsive energy:                   -1.4978635311 H          -40.7589 eV
Total energy:                      -44.8196297474 H        -1219.6042 eV
Extrapolated to 0:                 -44.8206728526 H        -1219.6326 eV
Total Mermin free energy:          -44.8217159577 H        -1219.6609 eV
Force related energy:              -44.8217159577 H        -1219.6609 eV

SCC converged

Total Forces
    1      0.000263828415      0.000001882752      0.004305776598
    2      0.001358464243      0.000006363340      0.014927064981
    3     -0.001369064508     -0.000014541242      0.015047968230
    4     -0.001709008215     -0.000000403798      0.013051492188
    5     -0.004161978041     -0.002142376292     -0.019291836591
    6      0.008994688906     -0.002517902947     -0.023785961465
    7     -0.004058139778      0.002145552822     -0.019324393352
    8      0.008899091568      0.002492106409     -0.023828854948
    9      0.000783412884      0.000543108276      0.021242628804
   10      0.004800692482     -0.000278808968      0.011813175158
   11      0.006230153134      0.000016668617      0.020512629162
   12      0.003639594134      0.000419548058     -0.002471771619
   13     -0.000029140633      0.002275285413     -0.004482550221
   14     -0.011715110871      0.022396002976      0.004541417808
   15      0.000388309269     -0.002725386481     -0.004846406633
   16     -0.012116178395     -0.022558560412      0.004283157155
   17     -0.023065134531      0.000044084556     -0.014611153874
   18      0.020532696068     -0.000030950813     -0.002233861073
   19      0.002332823871     -0.000071672264      0.005151479694

Total stress tensor
     -0.000133425349     -0.000000014394     -0.000023334317
     -0.000000014394     -0.000135510119     -0.000000605224
     -0.000023334317     -0.000000605224     -0.000023415111

Total lattice derivs
      0.056056914217      0.000006047384      0.009803607797
      0.000006047375      0.056932803102      0.000254277065
      0.002626659467      0.000068127903      0.002635754172

Maximal derivative component:        0.238289E-01 au

Volume:                              0.445754E+04 au^3
Pressure:                           -0.974502E-04 au    -0.286708E+10 Pa

Warning: dipole moment is not defined absolutely!
Dipole moment:   -0.75544333   -0.62796453    0.38647575 au
Dipole moment:   -1.92014556   -1.59612674    0.98232344 Debye


