 Fermi distribution function

Calculation with static geometry


********************************************************************************
 iSCC Total electronic   Diff electronic      SCC error    
   21   -0.43364639E+02    0.70343731E-12    0.14283152E-09
********************************************************************************

 Total charge:    -0.00000000

 Atomic gross charges (e)
 Atom           Charge
    1      -0.02435953
    2      -0.02399822
    3      -0.04338141
    4      -0.02426137
    5       0.02624096
    6       0.02397923
    7       0.06685273
    8       0.02626472
    9       0.00686703
   10       0.01287792
   11      -0.07204989
   12       0.00814972
   13       0.05570615
   14       0.12338080
   15      -0.19603594
   16       0.06281532
   17      -0.00983936
   18      -0.34497403
   19       0.32576517

Nr. of electrons (up):    171.00000000
Atom populations (up)
 Atom       Population
    1      10.02435953
    2      10.02399822
    3      10.04338141
    4      10.02426137
    5       9.97375904
    6       9.97602077
    7       9.93314727
    8       9.97373528
    9       9.99313297
   10       9.98712208
   11      10.07204989
   12       9.99185028
   13       9.94429385
   14       9.87661920
   15      10.19603594
   16       9.93718468
   17       4.00983936
   18       6.34497403
   19       0.67423483

l-shell populations (up)
 Atom Sh.   l       Population
    1   1   0       0.87465630
    1   2   1       0.47072452
    1   3   2       8.67897871
    2   1   0       0.87498681
    2   2   1       0.47096792
    2   3   2       8.67804349
    3   1   0       0.87112658
    3   2   1       0.47301257
    3   3   2       8.69924226
    4   1   0       0.87473960
    4   2   1       0.47089229
    4   3   2       8.67862948
    5   1   0       0.77306919
    5   2   1       0.47081632
    5   3   2       8.72987354
    6   1   0       0.77222241
    6   2   1       0.46926909
    6   3   2       8.73452927
    7   1   0       0.79048464
    7   2   1       0.48224896
    7   3   2       8.66041367
    8   1   0       0.77300764
    8   2   1       0.47034274
    8   3   2       8.73038491
    9   1   0       0.78147198
    9   2   1       0.47223880
    9   3   2       8.73942219
   10   1   0       0.78172362
   10   2   1       0.47194821
   10   3   2       8.73345025
   11   1   0       0.81325724
   11   2   1       0.44945696
   11   3   2       8.80933568
   12   1   0       0.78169932
   12   2   1       0.47228427
   12   3   2       8.73786669
   13   1   0       0.84229604
   13   2   1       0.53115678
   13   3   2       8.57084103
   14   1   0       0.84914202
   14   2   1       0.53658252
   14   3   2       8.49089466
   15   1   0       0.84945332
   15   2   1       0.48830590
   15   3   2       8.85827672
   16   1   0       0.84525419
   16   2   1       0.53654905
   16   3   2       8.55538143
   17   1   0       1.34802582
   17   2   1       2.66181354
   18   1   0       1.71453466
   18   2   1       4.63043938
   19   1   0       0.67423483

Orbital populations (up)
 Atom Sh.   l   m       Population  Label
    1   1   0   0       0.87465630  s
    1   2   1  -1       0.16107728  p_y
    1   2   1   0       0.14882901  p_z
    1   2   1   1       0.16081823  p_x
    1   3   2  -2       1.58793417  d_xy
    1   3   2  -1       1.84397464  d_yz
    1   3   2   0       1.80829090  d_z2
    1   3   2   1       1.85391824  d_xz
    1   3   2   2       1.58486076  d_x2-y2
    2   1   0   0       0.87498681  s
    2   2   1  -1       0.16098077  p_y
    2   2   1   0       0.14873517  p_z
    2   2   1   1       0.16125198  p_x
    2   3   2  -2       1.58555326  d_xy
    2   3   2  -1       1.85122096  d_yz
    2   3   2   0       1.80801090  d_z2
    2   3   2   1       1.84536200  d_xz
    2   3   2   2       1.58789638  d_x2-y2
    3   1   0   0       0.87112658  s
    3   2   1  -1       0.15907171  p_y
    3   2   1   0       0.15489481  p_z
    3   2   1   1       0.15904605  p_x
    3   3   2  -2       1.58068626  d_xy
    3   3   2  -1       1.85861391  d_yz
    3   3   2   0       1.82016848  d_z2
    3   3   2   1       1.85941928  d_xz
    3   3   2   2       1.58035435  d_x2-y2
    4   1   0   0       0.87473960  s
    4   2   1  -1       0.16087358  p_y
    4   2   1   0       0.14886788  p_z
    4   2   1   1       0.16115083  p_x
    4   3   2  -2       1.58526607  d_xy
    4   3   2  -1       1.85166373  d_yz
    4   3   2   0       1.80831823  d_z2
    4   3   2   1       1.84562138  d_xz
    4   3   2   2       1.58776006  d_x2-y2
    5   1   0   0       0.77306919  s
    5   2   1  -1       0.15364799  p_y
    5   2   1   0       0.16389855  p_z
    5   2   1   1       0.15326977  p_x
    5   3   2  -2       1.71801957  d_xy
    5   3   2  -1       1.85220372  d_yz
    5   3   2   0       1.61412316  d_z2
    5   3   2   1       1.82547878  d_xz
    5   3   2   2       1.72004831  d_x2-y2
    6   1   0   0       0.77222241  s
    6   2   1  -1       0.15300425  p_y
    6   2   1   0       0.16320357  p_z
    6   2   1   1       0.15306127  p_x
    6   3   2  -2       1.71952954  d_xy
    6   3   2  -1       1.83409610  d_yz
    6   3   2   0       1.61619551  d_z2
    6   3   2   1       1.84626576  d_xz
    6   3   2   2       1.71844236  d_x2-y2
    7   1   0   0       0.79048464  s
    7   2   1  -1       0.15746045  p_y
    7   2   1   0       0.16741259  p_z
    7   2   1   1       0.15737592  p_x
    7   3   2  -2       1.71939385  d_xy
    7   3   2  -1       1.78844395  d_yz
    7   3   2   0       1.64793005  d_z2
    7   3   2   1       1.78412458  d_xz
    7   3   2   2       1.72052125  d_x2-y2
    8   1   0   0       0.77300764  s
    8   2   1  -1       0.15325802  p_y
    8   2   1   0       0.16360413  p_z
    8   2   1   1       0.15348059  p_x
    8   3   2  -2       1.71948231  d_xy
    8   3   2  -1       1.83260234  d_yz
    8   3   2   0       1.61480543  d_z2
    8   3   2   1       1.84497322  d_xz
    8   3   2   2       1.71852161  d_x2-y2
    9   1   0   0       0.78147198  s
    9   2   1  -1       0.15395793  p_y
    9   2   1   0       0.16052363  p_z
    9   2   1   1       0.15775725  p_x
    9   3   2  -2       1.71869536  d_xy
    9   3   2  -1       1.80090482  d_yz
    9   3   2   0       1.68148592  d_z2
    9   3   2   1       1.82307127  d_xz
    9   3   2   2       1.71526482  d_x2-y2
   10   1   0   0       0.78172362  s
   10   2   1  -1       0.15675837  p_y
   10   2   1   0       0.16026444  p_z
   10   2   1   1       0.15492540  p_x
   10   3   2  -2       1.71451513  d_xy
   10   3   2  -1       1.81845686  d_yz
   10   3   2   0       1.67825037  d_z2
   10   3   2   1       1.80384841  d_xz
   10   3   2   2       1.71837948  d_x2-y2
   11   1   0   0       0.81325724  s
   11   2   1  -1       0.14926345  p_y
   11   2   1   0       0.15101995  p_z
   11   2   1   1       0.14917357  p_x
   11   3   2  -2       1.72111961  d_xy
   11   3   2  -1       1.84316064  d_yz
   11   3   2   0       1.68386180  d_z2
   11   3   2   1       1.84009731  d_xz
   11   3   2   2       1.72109633  d_x2-y2
   12   1   0   0       0.78169932  s
   12   2   1  -1       0.15688732  p_y
   12   2   1   0       0.16055091  p_z
   12   2   1   1       0.15484604  p_x
   12   3   2  -2       1.71533508  d_xy
   12   3   2  -1       1.81998701  d_yz
   12   3   2   0       1.68037541  d_z2
   12   3   2   1       1.80404501  d_xz
   12   3   2   2       1.71812417  d_x2-y2
   13   1   0   0       0.84229604  s
   13   2   1  -1       0.15166941  p_y
   13   2   1   0       0.19626417  p_z
   13   2   1   1       0.18322320  p_x
   13   3   2  -2       1.64707477  d_xy
   13   3   2  -1       1.59427389  d_yz
   13   3   2   0       1.80798347  d_z2
   13   3   2   1       1.88592979  d_xz
   13   3   2   2       1.63557912  d_x2-y2
   14   1   0   0       0.84914202  s
   14   2   1  -1       0.17639393  p_y
   14   2   1   0       0.20202183  p_z
   14   2   1   1       0.15816677  p_x
   14   3   2  -2       1.62853580  d_xy
   14   3   2  -1       1.80362821  d_yz
   14   3   2   0       1.79243581  d_z2
   14   3   2   1       1.63108449  d_xz
   14   3   2   2       1.63521035  d_x2-y2
   15   1   0   0       0.84945332  s
   15   2   1  -1       0.16328971  p_y
   15   2   1   0       0.16154912  p_z
   15   2   1   1       0.16346707  p_x
   15   3   2  -2       1.69734926  d_xy
   15   3   2  -1       1.81732139  d_yz
   15   3   2   0       1.82695591  d_z2
   15   3   2   1       1.81702463  d_xz
   15   3   2   2       1.69962554  d_x2-y2
   16   1   0   0       0.84525419  s
   16   2   1  -1       0.17801155  p_y
   16   2   1   0       0.19903284  p_z
   16   2   1   1       0.15950466  p_x
   16   3   2  -2       1.63785515  d_xy
   16   3   2  -1       1.81502172  d_yz
   16   3   2   0       1.80397127  d_z2
   16   3   2   1       1.65207951  d_xz
   16   3   2   2       1.64645379  d_x2-y2
   17   1   0   0       1.34802582  s
   17   2   1  -1       0.90456927  p_y
   17   2   1   0       0.81983968  p_z
   17   2   1   1       0.93740459  p_x
   18   1   0   0       1.71453466  s
   18   2   1  -1       1.79789978  p_y
   18   2   1   0       1.29611630  p_z
   18   2   1   1       1.53642329  p_x
   19   1   0   0       0.67423483  s

Fermi level:                        -0.1347579521 H           -3.6670 eV
Band energy:                       -43.6053270541 H        -1186.5613 eV
TS:                                  0.0019269534 H            0.0524 eV
Band free energy (E-TS):           -43.6072540075 H        -1186.6138 eV
Extrapolated E(0K):                -43.6062905308 H        -1186.5875 eV
Input / Output electrons (q):    171.0000000000    171.0000000000

Energy H0:                         -43.3754904207 H        -1180.3071 eV
Energy SCC:                          0.0108513597 H            0.2953 eV
Total Electronic energy:           -43.3646390610 H        -1180.0119 eV
Repulsive energy:                   -1.5299522706 H          -41.6321 eV
Total energy:                      -44.8945913316 H        -1221.6440 eV
Extrapolated to 0:                 -44.8955548083 H        -1221.6702 eV
Total Mermin free energy:          -44.8965182850 H        -1221.6964 eV
Force related energy:              -44.8965182850 H        -1221.6964 eV

SCC converged

Total Forces
    1     -0.000055866907     -0.001084062701     -0.000704878874
    2     -0.001053355237      0.000628456576     -0.000586233044
    3      0.000112659320     -0.000042068038     -0.005195657441
    4      0.000982200130      0.000648645192     -0.000638349578
    5     -0.000155960708     -0.002399334878     -0.007732577005
    6     -0.001935846371      0.000890458521     -0.007556759722
    7     -0.000144348176     -0.000097632115     -0.008806085846
    8      0.001554067875      0.000832834794     -0.008013107902
    9      0.000231043543      0.003147544918      0.020383484459
   10      0.001968199407     -0.001740039484      0.019262191141
   11      0.001902106010      0.000320135585      0.013322598669
   12     -0.001999537680     -0.002075055137      0.020365029918
   13      0.000070338824     -0.022517471930     -0.014408025759
   14     -0.029228777288      0.015232073458     -0.015443223253
   15      0.001380333096      0.000191468456      0.019922362372
   16      0.022301077344      0.011486685111     -0.012410502061
   17      0.005850962769     -0.004177913850     -0.045236394291
   18     -0.003467676570      0.001153710022      0.032426180765
   19      0.001688380620     -0.000398434500      0.001049947452

Total stress tensor
     -0.000197253215      0.000000569970      0.000000235671
      0.000000569969     -0.000196680061      0.000000213815
      0.000000235671      0.000000213815      0.000024339802

Total lattice derivs
      0.075050662146     -0.043349158814     -0.000042628040
     -0.000249992607      0.086265317285     -0.000093780780
     -0.000022974465     -0.000020843864     -0.002372773921

Maximal derivative component:        0.452364E-01 au

Volume:                              0.403005E+04 au^3
Pressure:                           -0.123198E-03 au    -0.362460E+10 Pa

Warning: dipole moment is not defined absolutely!
Dipole moment:   -1.67809824   -0.52680236    0.61542032 au
Dipole moment:   -4.26530063   -1.33899814    1.56424256 Debye


