 Fermi distribution function

Calculation with static geometry


********************************************************************************
 iSCC Total electronic   Diff electronic      SCC error    
   22   -0.43700287E+02    0.38369308E-11    0.36354741E-09
********************************************************************************

 Total charge:    -0.00000000

 Atomic gross charges (e)
 Atom           Charge
    1      -0.06575064
    2      -0.06607122
    3      -0.06577057
    4      -0.06617458
    5       0.01734029
    6       0.09088118
    7       0.08673575
    8       0.04642458
    9       0.03799447
   10       0.04017556
   11       0.03799193
   12       0.04011797
   13      -0.15975182
   14      -0.17919018
   15      -0.15742140
   16       0.27878587
   17       0.02402838
   18      -0.29819713
   19       0.03954451
   20       0.31830704

Nr. of electrons (up):    172.00000000
Atom populations (up)
 Atom       Population
    1      10.06575064
    2      10.06607122
    3      10.06577057
    4      10.06617458
    5       9.98265971
    6       9.90911882
    7       9.91326425
    8       9.95357542
    9       9.96200553
   10       9.95982444
   11       9.96200807
   12       9.95988203
   13      10.15975182
   14      10.17919018
   15      10.15742140
   16       9.72121413
   17       3.97597162
   18       6.29819713
   19       0.96045549
   20       0.68169296

l-shell populations (up)
 Atom Sh.   l       Population
    1   1   0       0.87112761
    1   2   1       0.44660097
    1   3   2       8.74802206
    2   1   0       0.87141484
    2   2   1       0.44651490
    2   3   2       8.74814147
    3   1   0       0.87112258
    3   2   1       0.44659137
    3   3   2       8.74805663
    4   1   0       0.87139980
    4   2   1       0.44650497
    4   3   2       8.74826981
    5   1   0       0.77512773
    5   2   1       0.47432497
    5   3   2       8.73320701
    6   1   0       0.79694662
    6   2   1       0.49586000
    6   3   2       8.61631221
    7   1   0       0.79600817
    7   2   1       0.49577416
    7   3   2       8.62148192
    8   1   0       0.79861072
    8   2   1       0.50126928
    8   3   2       8.65369543
    9   1   0       0.79745856
    9   2   1       0.48804385
    9   3   2       8.67650312
   10   1   0       0.79610049
   10   2   1       0.48664633
   10   3   2       8.67707762
   11   1   0       0.79746102
   11   2   1       0.48804630
   11   3   2       8.67650074
   12   1   0       0.79609559
   12   2   1       0.48663383
   12   3   2       8.67715261
   13   1   0       0.87562137
   13   2   1       0.46307435
   13   3   2       8.82105609
   14   1   0       0.85923646
   14   2   1       0.49553294
   14   3   2       8.82442077
   15   1   0       0.86473861
   15   2   1       0.48884174
   15   3   2       8.80384105
   16   1   0       0.87596517
   16   2   1       0.62496142
   16   3   2       8.22028754
   17   1   0       1.31400489
   17   2   1       2.66196673
   18   1   0       1.71286455
   18   2   1       4.58533257
   19   1   0       0.96045549
   20   1   0       0.68169296

Orbital populations (up)
 Atom Sh.   l   m       Population  Label
    1   1   0   0       0.87112761  s
    1   2   1  -1       0.15751157  p_y
    1   2   1   0       0.13084760  p_z
    1   2   1   1       0.15824180  p_x
    1   3   2  -2       1.83448670  d_xy
    1   3   2  -1       1.77056384  d_yz
    1   3   2   0       1.86085572  d_z2
    1   3   2   1       1.76885338  d_xz
    1   3   2   2       1.51326242  d_x2-y2
    2   1   0   0       0.87141484  s
    2   2   1  -1       0.15751623  p_y
    2   2   1   0       0.13083697  p_z
    2   2   1   1       0.15816170  p_x
    2   3   2  -2       1.83459013  d_xy
    2   3   2  -1       1.77048564  d_yz
    2   3   2   0       1.86097490  d_z2
    2   3   2   1       1.76890693  d_xz
    2   3   2   2       1.51318387  d_x2-y2
    3   1   0   0       0.87112258  s
    3   2   1  -1       0.15750280  p_y
    3   2   1   0       0.13085019  p_z
    3   2   1   1       0.15823838  p_x
    3   3   2  -2       1.83448801  d_xy
    3   3   2  -1       1.77053511  d_yz
    3   3   2   0       1.86085748  d_z2
    3   3   2   1       1.76889566  d_xz
    3   3   2   2       1.51328037  d_x2-y2
    4   1   0   0       0.87139980  s
    4   2   1  -1       0.15750453  p_y
    4   2   1   0       0.13084547  p_z
    4   2   1   1       0.15815497  p_x
    4   3   2  -2       1.83459507  d_xy
    4   3   2  -1       1.77051748  d_yz
    4   3   2   0       1.86098294  d_z2
    4   3   2   1       1.76901292  d_xz
    4   3   2   2       1.51316140  d_x2-y2
    5   1   0   0       0.77512773  s
    5   2   1  -1       0.15461261  p_y
    5   2   1   0       0.16593512  p_z
    5   2   1   1       0.15377724  p_x
    5   3   2  -2       1.88889717  d_xy
    5   3   2  -1       1.65755365  d_yz
    5   3   2   0       1.83412586  d_z2
    5   3   2   1       1.69973411  d_xz
    5   3   2   2       1.65289622  d_x2-y2
    6   1   0   0       0.79694662  s
    6   2   1  -1       0.16016378  p_y
    6   2   1   0       0.17385386  p_z
    6   2   1   1       0.16184236  p_x
    6   3   2  -2       1.86891782  d_xy
    6   3   2  -1       1.62005750  d_yz
    6   3   2   0       1.83338175  d_z2
    6   3   2   1       1.62941004  d_xz
    6   3   2   2       1.66454509  d_x2-y2
    7   1   0   0       0.79600817  s
    7   2   1  -1       0.16310821  p_y
    7   2   1   0       0.17298325  p_z
    7   2   1   1       0.15968270  p_x
    7   3   2  -2       1.86917266  d_xy
    7   3   2  -1       1.62245930  d_yz
    7   3   2   0       1.83905287  d_z2
    7   3   2   1       1.62179622  d_xz
    7   3   2   2       1.66900088  d_x2-y2
    8   1   0   0       0.79861072  s
    8   2   1  -1       0.16202308  p_y
    8   2   1   0       0.17747953  p_z
    8   2   1   1       0.16176666  p_x
    8   3   2  -2       1.86055412  d_xy
    8   3   2  -1       1.64170879  d_yz
    8   3   2   0       1.84370096  d_z2
    8   3   2   1       1.63254758  d_xz
    8   3   2   2       1.67518398  d_x2-y2
    9   1   0   0       0.79745856  s
    9   2   1  -1       0.15893468  p_y
    9   2   1   0       0.16841179  p_z
    9   2   1   1       0.16069738  p_x
    9   3   2  -2       1.84162380  d_xy
    9   3   2  -1       1.65801088  d_yz
    9   3   2   0       1.84160683  d_z2
    9   3   2   1       1.64689237  d_xz
    9   3   2   2       1.68836924  d_x2-y2
   10   1   0   0       0.79610049  s
   10   2   1  -1       0.15854856  p_y
   10   2   1   0       0.16790316  p_z
   10   2   1   1       0.16019461  p_x
   10   3   2  -2       1.84289709  d_xy
   10   3   2  -1       1.66134339  d_yz
   10   3   2   0       1.84054296  d_z2
   10   3   2   1       1.64503228  d_xz
   10   3   2   2       1.68726190  d_x2-y2
   11   1   0   0       0.79746102  s
   11   2   1  -1       0.15893111  p_y
   11   2   1   0       0.16841560  p_z
   11   2   1   1       0.16069959  p_x
   11   3   2  -2       1.84158550  d_xy
   11   3   2  -1       1.65805915  d_yz
   11   3   2   0       1.84164133  d_z2
   11   3   2   1       1.64680587  d_xz
   11   3   2   2       1.68840888  d_x2-y2
   12   1   0   0       0.79609559  s
   12   2   1  -1       0.15854196  p_y
   12   2   1   0       0.16789931  p_z
   12   2   1   1       0.16019255  p_x
   12   3   2  -2       1.84284931  d_xy
   12   3   2  -1       1.66145553  d_yz
   12   3   2   0       1.84057596  d_z2
   12   3   2   1       1.64501079  d_xz
   12   3   2   2       1.68726102  d_x2-y2
   13   1   0   0       0.87562137  s
   13   2   1  -1       0.16102742  p_y
   13   2   1   0       0.14149872  p_z
   13   2   1   1       0.16054821  p_x
   13   3   2  -2       1.85680008  d_xy
   13   3   2  -1       1.77482315  d_yz
   13   3   2   0       1.88322161  d_z2
   13   3   2   1       1.78122560  d_xz
   13   3   2   2       1.52498565  d_x2-y2
   14   1   0   0       0.85923646  s
   14   2   1  -1       0.16487428  p_y
   14   2   1   0       0.15213806  p_z
   14   2   1   1       0.17852060  p_x
   14   3   2  -2       1.84463891  d_xy
   14   3   2  -1       1.74320969  d_yz
   14   3   2   0       1.89257161  d_z2
   14   3   2   1       1.77623716  d_xz
   14   3   2   2       1.56776340  d_x2-y2
   15   1   0   0       0.86473861  s
   15   2   1  -1       0.17772761  p_y
   15   2   1   0       0.14879001  p_z
   15   2   1   1       0.16232413  p_x
   15   3   2  -2       1.83887543  d_xy
   15   3   2  -1       1.76660596  d_yz
   15   3   2   0       1.89093657  d_z2
   15   3   2   1       1.73279664  d_xz
   15   3   2   2       1.57462645  d_x2-y2
   16   1   0   0       0.87596517  s
   16   2   1  -1       0.23445595  p_y
   16   2   1   0       0.19963210  p_z
   16   2   1   1       0.19087336  p_x
   16   3   2  -2       1.94348190  d_xy
   16   3   2  -1       1.49708128  d_yz
   16   3   2   0       1.24350602  d_z2
   16   3   2   1       1.88625287  d_xz
   16   3   2   2       1.64996547  d_x2-y2
   17   1   0   0       1.31400489  s
   17   2   1  -1       0.83435525  p_y
   17   2   1   0       1.00687360  p_z
   17   2   1   1       0.82073789  p_x
   18   1   0   0       1.71286455  s
   18   2   1  -1       1.75892267  p_y
   18   2   1   0       1.23109122  p_z
   18   2   1   1       1.59531868  p_x
   19   1   0   0       0.96045549  s
   20   1   0   0       0.68169296  s

Fermi level:                        -0.1302247224 H           -3.5436 eV
Band energy:                       -43.2412595822 H        -1176.6545 eV
TS:                                  0.0022994061 H            0.0626 eV
Band free energy (E-TS):           -43.2435589883 H        -1176.7171 eV
Extrapolated E(0K):                -43.2424092853 H        -1176.6858 eV
Input / Output electrons (q):    172.0000000000    172.0000000000

Energy H0:                         -43.7168538700 H        -1189.5961 eV
Energy SCC:                          0.0165664892 H            0.4508 eV
Total Electronic energy:           -43.7002873808 H        -1189.1453 eV
Repulsive energy:                   -1.4543363589 H          -39.5745 eV
Total energy:                      -45.1546237397 H        -1228.7198 eV
Extrapolated to 0:                 -45.1557734427 H        -1228.7511 eV
Total Mermin free energy:          -45.1569231458 H        -1228.7824 eV
Force related energy:              -45.1569231458 H        -1228.7824 eV

SCC converged

Total Forces
    1      0.000848857000      0.000083924948      0.010879434763
    2     -0.001095675586     -0.000013981284      0.010913129766
    3      0.000848447946     -0.000072938505      0.010877065747
    4     -0.001097410856      0.000019499908      0.010888635369
    5      0.000583631462      0.000000520509     -0.020351322240
    6      0.000855246805      0.000024392046     -0.015694027774
    7      0.000569757000     -0.000060175354     -0.016061462919
    8      0.001000620362     -0.000062312261     -0.028460302217
    9      0.000408370413      0.001519694863      0.004884896534
   10     -0.000808784803      0.001970474677      0.003996165095
   11      0.000314954773     -0.001543758754      0.005144702994
   12     -0.000690787479     -0.001946288578      0.004136433821
   13      0.000353768183     -0.000080981057      0.014815913988
   14      0.000262097802      0.000007275441      0.017868755687
   15     -0.000555657736      0.000136015337      0.018657779999
   16     -0.003085200847      0.000042127025     -0.025720616158
   17      0.000637031789     -0.000055112372     -0.025456037959
   18      0.001132003390      0.000006577236      0.012020037447
   19     -0.001203000708      0.000017242323      0.007550521404
   20      0.000721731089      0.000007803852     -0.000889703350

Total stress tensor
     -0.000119598246      0.000000003524     -0.000001598640
      0.000000003524     -0.000125179961      0.000000112501
     -0.000001598640      0.000000112501      0.000004160399

Total lattice derivs
      0.050247637853     -0.000001480449      0.000671647532
     -0.000001480452      0.052592722656     -0.000047265671
      0.000179953110     -0.000012663788     -0.000468321022

Maximal derivative component:        0.284603E-01 au

Volume:                              0.445754E+04 au^3
Pressure:                           -0.802059E-04 au    -0.235974E+10 Pa

Warning: dipole moment is not defined absolutely!
Dipole moment:    0.95842213    1.22342820    1.71147654 au
Dipole moment:    2.43606625    3.10964455    4.35013980 Debye


