 Fermi distribution function

Calculation with static geometry


********************************************************************************
 iSCC Total electronic   Diff electronic      SCC error    
   21   -0.43324195E+02   -0.87112539E-11    0.76835960E-09
********************************************************************************

 Total charge:    -0.00000000

 Atomic gross charges (e)
 Atom           Charge
    1      -0.01692503
    2      -0.04430819
    3      -0.01354436
    4      -0.01781898
    5       0.02118185
    6       0.08106220
    7       0.01787499
    8       0.02382631
    9      -0.01773601
   10      -0.05115213
   11      -0.00956148
   12      -0.02177424
   13       0.04068279
   14      -0.12465818
   15       0.23701247
   16       0.03855674
   17       0.08575344
   18      -0.30206279
   19       0.07359060

Nr. of electrons (up):    171.00000000
Atom populations (up)
 Atom       Population
    1      10.01692503
    2      10.04430819
    3      10.01354436
    4      10.01781898
    5       9.97881815
    6       9.91893780
    7       9.98212501
    8       9.97617369
    9      10.01773601
   10      10.05115213
   11      10.00956148
   12      10.02177424
   13       9.95931721
   14      10.12465818
   15       9.76298753
   16       9.96144326
   17       3.91424656
   18       6.30206279
   19       0.92640940

l-shell populations (up)
 Atom Sh.   l       Population
    1   1   0       0.87355926
    1   2   1       0.46884119
    1   3   2       8.67452459
    2   1   0       0.87474689
    2   2   1       0.47028674
    2   3   2       8.69927455
    3   1   0       0.87734434
    3   2   1       0.47018810
    3   3   2       8.66601192
    4   1   0       0.87339143
    4   2   1       0.46869815
    4   3   2       8.67572941
    5   1   0       0.77307020
    5   2   1       0.47120044
    5   3   2       8.73454751
    6   1   0       0.79019157
    6   2   1       0.48377867
    6   3   2       8.64496755
    7   1   0       0.77737891
    7   2   1       0.46804329
    7   3   2       8.73670280
    8   1   0       0.77371369
    8   2   1       0.47198505
    8   3   2       8.73047495
    9   1   0       0.78824479
    9   2   1       0.47744955
    9   3   2       8.75204167
   10   1   0       0.81805140
   10   2   1       0.46900182
   10   3   2       8.76409891
   11   1   0       0.78187754
   11   2   1       0.47535748
   11   3   2       8.75232646
   12   1   0       0.78778429
   12   2   1       0.47664868
   12   3   2       8.75734128
   13   1   0       0.83323481
   13   2   1       0.51410842
   13   3   2       8.61197398
   14   1   0       0.85495709
   14   2   1       0.47603023
   14   3   2       8.79367086
   15   1   0       0.76619314
   15   2   1       0.57535571
   15   3   2       8.42143868
   16   1   0       0.83347107
   16   2   1       0.51341535
   16   3   2       8.61455683
   17   1   0       1.27605447
   17   2   1       2.63819209
   18   1   0       1.76120573
   18   2   1       4.54085706
   19   1   0       0.92640940

Orbital populations (up)
 Atom Sh.   l   m       Population  Label
    1   1   0   0       0.87355926  s
    1   2   1  -1       0.16097888  p_y
    1   2   1   0       0.14813317  p_z
    1   2   1   1       0.15972914  p_x
    1   3   2  -2       1.58312515  d_xy
    1   3   2  -1       1.85401332  d_yz
    1   3   2   0       1.80903056  d_z2
    1   3   2   1       1.84129949  d_xz
    1   3   2   2       1.58705606  d_x2-y2
    2   1   0   0       0.87474689  s
    2   2   1  -1       0.15766013  p_y
    2   2   1   0       0.15636928  p_z
    2   2   1   1       0.15625733  p_x
    2   3   2  -2       1.57816755  d_xy
    2   3   2  -1       1.85790479  d_yz
    2   3   2   0       1.82495379  d_z2
    2   3   2   1       1.86116412  d_xz
    2   3   2   2       1.57708430  d_x2-y2
    3   1   0   0       0.87734434  s
    3   2   1  -1       0.16102838  p_y
    3   2   1   0       0.14983563  p_z
    3   2   1   1       0.15932409  p_x
    3   3   2  -2       1.58275236  d_xy
    3   3   2  -1       1.84757143  d_yz
    3   3   2   0       1.81018437  d_z2
    3   3   2   1       1.83769827  d_xz
    3   3   2   2       1.58780550  d_x2-y2
    4   1   0   0       0.87339143  s
    4   2   1  -1       0.16013985  p_y
    4   2   1   0       0.14816291  p_z
    4   2   1   1       0.16039538  p_x
    4   3   2  -2       1.58835196  d_xy
    4   3   2  -1       1.84214937  d_yz
    4   3   2   0       1.80889603  d_z2
    4   3   2   1       1.85492183  d_xz
    4   3   2   2       1.58141021  d_x2-y2
    5   1   0   0       0.77307020  s
    5   2   1  -1       0.15316694  p_y
    5   2   1   0       0.16430656  p_z
    5   2   1   1       0.15372694  p_x
    5   3   2  -2       1.72424663  d_xy
    5   3   2  -1       1.83888152  d_yz
    5   3   2   0       1.61186207  d_z2
    5   3   2   1       1.84233301  d_xz
    5   3   2   2       1.71722429  d_x2-y2
    6   1   0   0       0.79019157  s
    6   2   1  -1       0.15845128  p_y
    6   2   1   0       0.16799794  p_z
    6   2   1   1       0.15732945  p_x
    6   3   2  -2       1.72041132  d_xy
    6   3   2  -1       1.78875642  d_yz
    6   3   2   0       1.64709021  d_z2
    6   3   2   1       1.76206401  d_xz
    6   3   2   2       1.72664559  d_x2-y2
    7   1   0   0       0.77737891  s
    7   2   1  -1       0.15246287  p_y
    7   2   1   0       0.16341234  p_z
    7   2   1   1       0.15216808  p_x
    7   3   2  -2       1.72433008  d_xy
    7   3   2  -1       1.83522589  d_yz
    7   3   2   0       1.62253464  d_z2
    7   3   2   1       1.83305229  d_xz
    7   3   2   2       1.72155991  d_x2-y2
    8   1   0   0       0.77371369  s
    8   2   1  -1       0.15462529  p_y
    8   2   1   0       0.16464876  p_z
    8   2   1   1       0.15271100  p_x
    8   3   2  -2       1.71539630  d_xy
    8   3   2  -1       1.85854105  d_yz
    8   3   2   0       1.61082496  d_z2
    8   3   2   1       1.81974971  d_xz
    8   3   2   2       1.72596293  d_x2-y2
    9   1   0   0       0.78824479  s
    9   2   1  -1       0.15917484  p_y
    9   2   1   0       0.16380822  p_z
    9   2   1   1       0.15446649  p_x
    9   3   2  -2       1.72262832  d_xy
    9   3   2  -1       1.81265138  d_yz
    9   3   2   0       1.70140797  d_z2
    9   3   2   1       1.78421040  d_xz
    9   3   2   2       1.73114359  d_x2-y2
   10   1   0   0       0.81805140  s
   10   2   1  -1       0.15552787  p_y
   10   2   1   0       0.15796851  p_z
   10   2   1   1       0.15550544  p_x
   10   3   2  -2       1.73765169  d_xy
   10   3   2  -1       1.83151962  d_yz
   10   3   2   0       1.68872285  d_z2
   10   3   2   1       1.76290741  d_xz
   10   3   2   2       1.74329734  d_x2-y2
   11   1   0   0       0.78187754  s
   11   2   1  -1       0.15800572  p_y
   11   2   1   0       0.16252001  p_z
   11   2   1   1       0.15483175  p_x
   11   3   2  -2       1.72278400  d_xy
   11   3   2  -1       1.82772609  d_yz
   11   3   2   0       1.68270781  d_z2
   11   3   2   1       1.78711615  d_xz
   11   3   2   2       1.73199242  d_x2-y2
   12   1   0   0       0.78778429  s
   12   2   1  -1       0.15505076  p_y
   12   2   1   0       0.16348548  p_z
   12   2   1   1       0.15811243  p_x
   12   3   2  -2       1.72609465  d_xy
   12   3   2  -1       1.79789899  d_yz
   12   3   2   0       1.70202877  d_z2
   12   3   2   1       1.80435144  d_xz
   12   3   2   2       1.72696743  d_x2-y2
   13   1   0   0       0.83323481  s
   13   2   1  -1       0.16970281  p_y
   13   2   1   0       0.18556300  p_z
   13   2   1   1       0.15884260  p_x
   13   3   2  -2       1.65283826  d_xy
   13   3   2  -1       1.78891666  d_yz
   13   3   2   0       1.70798736  d_z2
   13   3   2   1       1.76158384  d_xz
   13   3   2   2       1.70064786  d_x2-y2
   14   1   0   0       0.85495709  s
   14   2   1  -1       0.16080472  p_y
   14   2   1   0       0.15440410  p_z
   14   2   1   1       0.16082141  p_x
   14   3   2  -2       1.66934568  d_xy
   14   3   2  -1       1.83177304  d_yz
   14   3   2   0       1.82164388  d_z2
   14   3   2   1       1.80407637  d_xz
   14   3   2   2       1.66683189  d_x2-y2
   15   1   0   0       0.76619314  s
   15   2   1  -1       0.17150575  p_y
   15   2   1   0       0.24347028  p_z
   15   2   1   1       0.16037969  p_x
   15   3   2  -2       1.68300875  d_xy
   15   3   2  -1       1.85088024  d_yz
   15   3   2   0       1.47176402  d_z2
   15   3   2   1       1.73214645  d_xz
   15   3   2   2       1.68363922  d_x2-y2
   16   1   0   0       0.83347107  s
   16   2   1  -1       0.15841256  p_y
   16   2   1   0       0.18480112  p_z
   16   2   1   1       0.17020167  p_x
   16   3   2  -2       1.68425126  d_xy
   16   3   2  -1       1.65881307  d_yz
   16   3   2   0       1.70952162  d_z2
   16   3   2   1       1.89284448  d_xz
   16   3   2   2       1.66912639  d_x2-y2
   17   1   0   0       1.27605447  s
   17   2   1  -1       0.86229126  p_y
   17   2   1   0       0.93052459  p_z
   17   2   1   1       0.84537624  p_x
   18   1   0   0       1.76120573  s
   18   2   1  -1       1.58295865  p_y
   18   2   1   0       1.55765429  p_z
   18   2   1   1       1.40024411  p_x
   19   1   0   0       0.92640940  s

Fermi level:                        -0.1471329308 H           -4.0037 eV
Band energy:                       -45.4406259721 H        -1236.5023 eV
TS:                                  0.0021421571 H            0.0583 eV
Band free energy (E-TS):           -45.4427681292 H        -1236.5606 eV
Extrapolated E(0K):                -45.4416970507 H        -1236.5315 eV
Input / Output electrons (q):    171.0000000000    171.0000000000

Energy H0:                         -43.3356328054 H        -1179.2226 eV
Energy SCC:                          0.0114376023 H            0.3112 eV
Total Electronic energy:           -43.3241952031 H        -1178.9113 eV
Repulsive energy:                   -1.5475094505 H          -42.1099 eV
Total energy:                      -44.8717046536 H        -1221.0212 eV
Extrapolated to 0:                 -44.8727757321 H        -1221.0504 eV
Total Mermin free energy:          -44.8738468107 H        -1221.0795 eV
Force related energy:              -44.8738468107 H        -1221.0795 eV

SCC converged

Total Forces
    1      0.000741122614      0.000269560023     -0.000185809331
    2     -0.000777526386      0.000585055599     -0.006661494387
    3     -0.001166866801      0.000905653547     -0.000213871374
    4      0.000311876825     -0.000421897760     -0.000414464620
    5      0.003062511945      0.000260003899     -0.010183110831
    6      0.001513006613     -0.001935050427     -0.010702921892
    7     -0.003527267159      0.001246297664     -0.003817436324
    8      0.000828572221     -0.004734614459     -0.010003059510
    9      0.001145440064     -0.003060169560      0.019892125259
   10      0.007403887727     -0.003679081344      0.010572144286
   11     -0.000399443032     -0.000937504109      0.020626290894
   12      0.003047343982      0.000204480323      0.018546246594
   13      0.008960573187     -0.002646943375     -0.015700740144
   14      0.006446905898     -0.002301426779      0.018329464947
   15     -0.038419058548      0.021938106002     -0.009230284063
   16      0.008826336961     -0.004765618344     -0.016680833738
   17     -0.012918881415      0.007322785745     -0.018211341359
   18      0.013109415237     -0.007305939826      0.006555696800
   19      0.001812050065     -0.000943696818      0.007483398794

Total stress tensor
     -0.000169404140     -0.000010840692     -0.000008602350
     -0.000010840691     -0.000187154052      0.000012458234
     -0.000008602351      0.000012458234      0.000021502034

Total lattice derivs
      0.061969928043     -0.036925786240      0.005999697012
      0.004754806651      0.082087139625     -0.005464272873
      0.000838603084     -0.001214495191     -0.002096133134

Maximal derivative component:        0.384191E-01 au

Volume:                              0.403005E+04 au^3
Pressure:                           -0.111685E-03 au    -0.328590E+10 Pa

Warning: dipole moment is not defined absolutely!
Dipole moment:    0.89653609    1.73054678   -0.09576953 au
Dipole moment:    2.27876763    4.39861152   -0.24342188 Debye


