 Fermi distribution function

Calculation with static geometry


********************************************************************************
 iSCC Total electronic   Diff electronic      SCC error    
   22   -0.43691285E+02    0.13713475E-11    0.52532689E-09
********************************************************************************

 Total charge:    -0.00000000

 Atomic gross charges (e)
 Atom           Charge
    1      -0.03652075
    2      -0.04061935
    3      -0.02978121
    4      -0.03802099
    5       0.04612033
    6       0.05339615
    7       0.04340282
    8      -0.02445919
    9       0.00822004
   10      -0.00103569
   11       0.02263742
   12       0.04081314
   13      -0.17354151
   14      -0.15822502
   15      -0.16750451
   16       0.39846636
   17       0.00159668
   18      -0.30526419
   19       0.04421394
   20       0.31610552

Nr. of electrons (up):    172.00000000
Atom populations (up)
 Atom       Population
    1      10.03652075
    2      10.04061935
    3      10.02978121
    4      10.03802099
    5       9.95387967
    6       9.94660385
    7       9.95659718
    8      10.02445919
    9       9.99177996
   10      10.00103569
   11       9.97736258
   12       9.95918686
   13      10.17354151
   14      10.15822502
   15      10.16750451
   16       9.60153364
   17       3.99840332
   18       6.30526419
   19       0.95578606
   20       0.68389448

l-shell populations (up)
 Atom Sh.   l       Population
    1   1   0       0.87393466
    1   2   1       0.47170076
    1   3   2       8.69088533
    2   1   0       0.87360140
    2   2   1       0.47159046
    2   3   2       8.69542748
    3   1   0       0.87523189
    3   2   1       0.47180270
    3   3   2       8.68274662
    4   1   0       0.87839492
    4   2   1       0.47151795
    4   3   2       8.68810812
    5   1   0       0.78438144
    5   2   1       0.48299448
    5   3   2       8.68650375
    6   1   0       0.78633734
    6   2   1       0.48407502
    6   3   2       8.67619149
    7   1   0       0.78346788
    7   2   1       0.48272701
    7   3   2       8.69040230
    8   1   0       0.76728180
    8   2   1       0.45999787
    8   3   2       8.79717952
    9   1   0       0.79115322
    9   2   1       0.47820598
    9   3   2       8.72242076
   10   1   0       0.79195129
   10   2   1       0.47540472
   10   3   2       8.73367968
   11   1   0       0.79012452
   11   2   1       0.48186736
   11   3   2       8.70537070
   12   1   0       0.77596500
   12   2   1       0.46614156
   12   3   2       8.71708030
   13   1   0       0.85829006
   13   2   1       0.48264106
   13   3   2       8.83261039
   14   1   0       0.86018184
   14   2   1       0.48010251
   14   3   2       8.81794067
   15   1   0       0.85638328
   15   2   1       0.48444194
   15   3   2       8.82667930
   16   1   0       0.83878246
   16   2   1       0.62889171
   16   3   2       8.13385946
   17   1   0       1.31571980
   17   2   1       2.68268352
   18   1   0       1.71335700
   18   2   1       4.59190718
   19   1   0       0.95578606
   20   1   0       0.68389448

Orbital populations (up)
 Atom Sh.   l   m       Population  Label
    1   1   0   0       0.87393466  s
    1   2   1  -1       0.16014154  p_y
    1   2   1   0       0.15083024  p_z
    1   2   1   1       0.16072898  p_x
    1   3   2  -2       1.58719637  d_xy
    1   3   2  -1       1.84731830  d_yz
    1   3   2   0       1.81658586  d_z2
    1   3   2   1       1.85586587  d_xz
    1   3   2   2       1.58391893  d_x2-y2
    2   1   0   0       0.87360140  s
    2   2   1  -1       0.15990767  p_y
    2   2   1   0       0.15188374  p_z
    2   2   1   1       0.15979905  p_x
    2   3   2  -2       1.58015950  d_xy
    2   3   2  -1       1.86052778  d_yz
    2   3   2   0       1.81835097  d_z2
    2   3   2   1       1.84631481  d_xz
    2   3   2   2       1.59007441  d_x2-y2
    3   1   0   0       0.87523189  s
    3   2   1  -1       0.16085154  p_y
    3   2   1   0       0.14962275  p_z
    3   2   1   1       0.16132842  p_x
    3   3   2  -2       1.58875349  d_xy
    3   3   2  -1       1.84241561  d_yz
    3   3   2   0       1.81438005  d_z2
    3   3   2   1       1.85232188  d_xz
    3   3   2   2       1.58487559  d_x2-y2
    4   1   0   0       0.87839492  s
    4   2   1  -1       0.16157872  p_y
    4   2   1   0       0.14829122  p_z
    4   2   1   1       0.16164801  p_x
    4   3   2  -2       1.58983631  d_xy
    4   3   2  -1       1.84229741  d_yz
    4   3   2   0       1.81819889  d_z2
    4   3   2   1       1.84588508  d_xz
    4   3   2   2       1.59189043  d_x2-y2
    5   1   0   0       0.78438144  s
    5   2   1  -1       0.15728397  p_y
    5   2   1   0       0.16839114  p_z
    5   2   1   1       0.15731937  p_x
    5   3   2  -2       1.72571433  d_xy
    5   3   2  -1       1.79609223  d_yz
    5   3   2   0       1.62990275  d_z2
    5   3   2   1       1.81828805  d_xz
    5   3   2   2       1.71650638  d_x2-y2
    6   1   0   0       0.78633734  s
    6   2   1  -1       0.15664518  p_y
    6   2   1   0       0.16868213  p_z
    6   2   1   1       0.15874770  p_x
    6   3   2  -2       1.71912314  d_xy
    6   3   2  -1       1.78805976  d_yz
    6   3   2   0       1.63339517  d_z2
    6   3   2   1       1.81184499  d_xz
    6   3   2   2       1.72376843  d_x2-y2
    7   1   0   0       0.78346788  s
    7   2   1  -1       0.15729495  p_y
    7   2   1   0       0.16851401  p_z
    7   2   1   1       0.15691805  p_x
    7   3   2  -2       1.72340557  d_xy
    7   3   2  -1       1.80414873  d_yz
    7   3   2   0       1.62598162  d_z2
    7   3   2   1       1.82154985  d_xz
    7   3   2   2       1.71531654  d_x2-y2
    8   1   0   0       0.76728180  s
    8   2   1  -1       0.15039386  p_y
    8   2   1   0       0.15930137  p_z
    8   2   1   1       0.15030264  p_x
    8   3   2  -2       1.72690019  d_xy
    8   3   2  -1       1.85546165  d_yz
    8   3   2   0       1.63335206  d_z2
    8   3   2   1       1.85631331  d_xz
    8   3   2   2       1.72515232  d_x2-y2
    9   1   0   0       0.79115322  s
    9   2   1  -1       0.15742820  p_y
    9   2   1   0       0.16171907  p_z
    9   2   1   1       0.15905871  p_x
    9   3   2  -2       1.72249240  d_xy
    9   3   2  -1       1.79200448  d_yz
    9   3   2   0       1.67991420  d_z2
    9   3   2   1       1.80710172  d_xz
    9   3   2   2       1.72090796  d_x2-y2
   10   1   0   0       0.79195129  s
   10   2   1  -1       0.15838322  p_y
   10   2   1   0       0.16061521  p_z
   10   2   1   1       0.15640628  p_x
   10   3   2  -2       1.72530853  d_xy
   10   3   2  -1       1.79570000  d_yz
   10   3   2   0       1.67483341  d_z2
   10   3   2   1       1.81467399  d_xz
   10   3   2   2       1.72316375  d_x2-y2
   11   1   0   0       0.79012452  s
   11   2   1  -1       0.15792696  p_y
   11   2   1   0       0.16325982  p_z
   11   2   1   1       0.16068058  p_x
   11   3   2  -2       1.72028246  d_xy
   11   3   2  -1       1.78017890  d_yz
   11   3   2   0       1.68156572  d_z2
   11   3   2   1       1.80634670  d_xz
   11   3   2   2       1.71699693  d_x2-y2
   12   1   0   0       0.77596500  s
   12   2   1  -1       0.15100574  p_y
   12   2   1   0       0.16250092  p_z
   12   2   1   1       0.15263490  p_x
   12   3   2  -2       1.73090841  d_xy
   12   3   2  -1       1.76494131  d_yz
   12   3   2   0       1.68915119  d_z2
   12   3   2   1       1.80606788  d_xz
   12   3   2   2       1.72601151  d_x2-y2
   13   1   0   0       0.85829006  s
   13   2   1  -1       0.15780077  p_y
   13   2   1   0       0.16068529  p_z
   13   2   1   1       0.16415499  p_x
   13   3   2  -2       1.65788142  d_xy
   13   3   2  -1       1.82836159  d_yz
   13   3   2   0       1.82961921  d_z2
   13   3   2   1       1.85527077  d_xz
   13   3   2   2       1.66147739  d_x2-y2
   14   1   0   0       0.86018184  s
   14   2   1  -1       0.16714866  p_y
   14   2   1   0       0.15972620  p_z
   14   2   1   1       0.15322766  p_x
   14   3   2  -2       1.65211205  d_xy
   14   3   2  -1       1.83528745  d_yz
   14   3   2   0       1.82910631  d_z2
   14   3   2   1       1.82839378  d_xz
   14   3   2   2       1.67304108  d_x2-y2
   15   1   0   0       0.85638328  s
   15   2   1  -1       0.15891905  p_y
   15   2   1   0       0.16101555  p_z
   15   2   1   1       0.16450734  p_x
   15   3   2  -2       1.65267220  d_xy
   15   3   2  -1       1.82915316  d_yz
   15   3   2   0       1.83153188  d_z2
   15   3   2   1       1.85582385  d_xz
   15   3   2   2       1.65749821  d_x2-y2
   16   1   0   0       0.83878246  s
   16   2   1  -1       0.23170167  p_y
   16   2   1   0       0.20007344  p_z
   16   2   1   1       0.19711660  p_x
   16   3   2  -2       1.75385722  d_xy
   16   3   2  -1       1.54817425  d_yz
   16   3   2   0       1.19497766  d_z2
   16   3   2   1       1.88465967  d_xz
   16   3   2   2       1.75219066  d_x2-y2
   17   1   0   0       1.31571980  s
   17   2   1  -1       0.85387991  p_y
   17   2   1   0       0.99153824  p_z
   17   2   1   1       0.83726537  p_x
   18   1   0   0       1.71335700  s
   18   2   1  -1       1.75878767  p_y
   18   2   1   0       1.20221948  p_z
   18   2   1   1       1.63090003  p_x
   19   1   0   0       0.95578606  s
   20   1   0   0       0.68389448  s

Fermi level:                        -0.1207832139 H           -3.2867 eV
Band energy:                       -42.0276945143 H        -1143.6318 eV
TS:                                  0.0021830212 H            0.0594 eV
Band free energy (E-TS):           -42.0298775355 H        -1143.6912 eV
Extrapolated E(0K):                -42.0287860249 H        -1143.6615 eV
Input / Output electrons (q):    172.0000000000    172.0000000000

Energy H0:                         -43.7058090855 H        -1189.2956 eV
Energy SCC:                          0.0145238014 H            0.3952 eV
Total Electronic energy:           -43.6912852841 H        -1188.9004 eV
Repulsive energy:                   -1.5237973391 H          -41.4646 eV
Total energy:                      -45.2150826232 H        -1230.3650 eV
Extrapolated to 0:                 -45.2161741337 H        -1230.3947 eV
Total Mermin free energy:          -45.2172656443 H        -1230.4244 eV
Force related energy:              -45.2172656443 H        -1230.4244 eV

SCC converged

Total Forces
    1      0.000866513230     -0.001004339496     -0.002918059075
    2     -0.000373857193      0.001240547243     -0.003908279247
    3     -0.001447937039     -0.000863746813     -0.001066242887
    4     -0.000417994271     -0.000527949420     -0.001096443205
    5      0.003410264381      0.001960909887     -0.009502093242
    6      0.002377262186      0.001899218459     -0.010311425401
    7     -0.000161675930      0.000916901780     -0.007342415268
    8     -0.000207670301     -0.000807177359     -0.006369871532
    9      0.001925452427      0.000189722635      0.012560833544
   10      0.000431652436      0.004410333840      0.007118309217
   11      0.000743501499      0.000755137556      0.016750301232
   12     -0.002479652724     -0.000950751136      0.003307191488
   13      0.001364862955      0.000987466398      0.011948170675
   14      0.000820279646     -0.001404139025      0.014990617928
   15     -0.002292425821      0.000230165054      0.011134310884
   16     -0.008888541793     -0.010104608068     -0.025039698033
   17      0.002019290899      0.004255952163     -0.033157164763
   18      0.002833704639     -0.000140138637      0.015037621181
   19     -0.001898237507     -0.001147516390      0.007955988177
   20      0.001375208282      0.000104011329     -0.000091651672

Total stress tensor
     -0.000159931909     -0.000000946237     -0.000002447557
     -0.000000946237     -0.000161320612     -0.000007501280
     -0.000002447557     -0.000007501280      0.000052128250

Total lattice derivs
      0.060541837725     -0.035018778296     -0.000715365847
      0.000415026692      0.070756403763      0.003290116487
      0.000238600920      0.000731264877     -0.005081740234

Maximal derivative component:        0.331572E-01 au

Volume:                              0.403005E+04 au^3
Pressure:                           -0.897081E-04 au    -0.263930E+10 Pa

Warning: dipole moment is not defined absolutely!
Dipole moment:   -0.06301347    1.88486696    1.53561546 au
Dipole moment:   -0.16016429    4.79085433    3.90314549 Debye


