 Fermi distribution function

Calculation with static geometry


********************************************************************************
 iSCC Total electronic   Diff electronic      SCC error    
   22   -0.40255661E+02   -0.11709744E-10    0.37381476E-09
********************************************************************************

 Total charge:    -0.00000000

 Atomic gross charges (e)
 Atom           Charge
    1      -0.06631237
    2      -0.03924258
    3      -0.03888466
    4      -0.06626449
    5       0.02262960
    6       0.08849464
    7       0.09023224
    8       0.04000709
    9       0.00808864
   10       0.01509035
   11       0.01407537
   12       0.00826400
   13      -0.12592020
   14      -0.14897597
   15      -0.14828544
   16       0.46241005
   17      -0.30984590
   18       0.09700654
   19       0.09743309

Nr. of electrons (up):    166.00000000
Atom populations (up)
 Atom       Population
    1      10.06631237
    2      10.03924258
    3      10.03888466
    4      10.06626449
    5       9.97737040
    6       9.91150536
    7       9.90976776
    8       9.95999291
    9       9.99191136
   10       9.98490965
   11       9.98592463
   12       9.99173600
   13      10.12592020
   14      10.14897597
   15      10.14828544
   16       9.53758995
   17       4.30984590
   18       0.90299346
   19       0.90256691

l-shell populations (up)
 Atom Sh.   l       Population
    1   1   0       0.87030377
    1   2   1       0.44268392
    1   3   2       8.75332468
    2   1   0       0.86949666
    2   2   1       0.44476195
    2   3   2       8.72498397
    3   1   0       0.86941945
    3   2   1       0.44474894
    3   3   2       8.72471626
    4   1   0       0.87034785
    4   2   1       0.44266048
    4   3   2       8.75325616
    5   1   0       0.77649912
    5   2   1       0.47487099
    5   3   2       8.72600029
    6   1   0       0.79534332
    6   2   1       0.49643777
    6   3   2       8.61972426
    7   1   0       0.79588823
    7   2   1       0.49662261
    7   3   2       8.61725693
    8   1   0       0.79794098
    8   2   1       0.50148177
    8   3   2       8.66057016
    9   1   0       0.80075500
    9   2   1       0.49302570
    9   3   2       8.69813066
   10   1   0       0.79949604
   10   2   1       0.49269078
   10   3   2       8.69272283
   11   1   0       0.79986471
   11   2   1       0.49267072
   11   3   2       8.69338920
   12   1   0       0.80036200
   12   2   1       0.49307223
   12   3   2       8.69830177
   13   1   0       0.86820558
   13   2   1       0.45315416
   13   3   2       8.80456046
   14   1   0       0.85748006
   14   2   1       0.48365511
   14   3   2       8.80784081
   15   1   0       0.85312679
   15   2   1       0.48267027
   15   3   2       8.81248839
   16   1   0       0.87964311
   16   2   1       0.61688707
   16   3   2       8.04105977
   17   1   0       1.41582236
   17   2   1       2.89402354
   18   1   0       0.90299346
   19   1   0       0.90256691

Orbital populations (up)
 Atom Sh.   l   m       Population  Label
    1   1   0   0       0.87030377  s
    1   2   1  -1       0.15624749  p_y
    1   2   1   0       0.13039756  p_z
    1   2   1   1       0.15603886  p_x
    1   3   2  -2       1.83354180  d_xy
    1   3   2  -1       1.77669905  d_yz
    1   3   2   0       1.86059003  d_z2
    1   3   2   1       1.77689605  d_xz
    1   3   2   2       1.50559776  d_x2-y2
    2   1   0   0       0.86949666  s
    2   2   1  -1       0.15810114  p_y
    2   2   1   0       0.12881104  p_z
    2   2   1   1       0.15784977  p_x
    2   3   2  -2       1.83008204  d_xy
    2   3   2  -1       1.75862608  d_yz
    2   3   2   0       1.85854044  d_z2
    2   3   2   1       1.75905238  d_xz
    2   3   2   2       1.51868304  d_x2-y2
    3   1   0   0       0.86941945  s
    3   2   1  -1       0.15809178  p_y
    3   2   1   0       0.12882413  p_z
    3   2   1   1       0.15783304  p_x
    3   3   2  -2       1.83022778  d_xy
    3   3   2  -1       1.75856185  d_yz
    3   3   2   0       1.85833303  d_z2
    3   3   2   1       1.75892952  d_xz
    3   3   2   2       1.51866408  d_x2-y2
    4   1   0   0       0.87034785  s
    4   2   1  -1       0.15627116  p_y
    4   2   1   0       0.13039516  p_z
    4   2   1   1       0.15599416  p_x
    4   3   2  -2       1.83357531  d_xy
    4   3   2  -1       1.77665220  d_yz
    4   3   2   0       1.86059476  d_z2
    4   3   2   1       1.77688623  d_xz
    4   3   2   2       1.50554766  d_x2-y2
    5   1   0   0       0.77649912  s
    5   2   1  -1       0.15459644  p_y
    5   2   1   0       0.16534335  p_z
    5   2   1   1       0.15493120  p_x
    5   3   2  -2       1.88315301  d_xy
    5   3   2  -1       1.68608728  d_yz
    5   3   2   0       1.83336997  d_z2
    5   3   2   1       1.67274649  d_xz
    5   3   2   2       1.65064354  d_x2-y2
    6   1   0   0       0.79534332  s
    6   2   1  -1       0.15997199  p_y
    6   2   1   0       0.17353741  p_z
    6   2   1   1       0.16292837  p_x
    6   3   2  -2       1.86948293  d_xy
    6   3   2  -1       1.62054284  d_yz
    6   3   2   0       1.83746462  d_z2
    6   3   2   1       1.62607501  d_xz
    6   3   2   2       1.66615887  d_x2-y2
    7   1   0   0       0.79588823  s
    7   2   1  -1       0.16260933  p_y
    7   2   1   0       0.17380074  p_z
    7   2   1   1       0.16021254  p_x
    7   3   2  -2       1.86921089  d_xy
    7   3   2  -1       1.62788351  d_yz
    7   3   2   0       1.83570092  d_z2
    7   3   2   1       1.62002948  d_xz
    7   3   2   2       1.66443212  d_x2-y2
    8   1   0   0       0.79794098  s
    8   2   1  -1       0.16214003  p_y
    8   2   1   0       0.17715734  p_z
    8   2   1   1       0.16218441  p_x
    8   3   2  -2       1.86042442  d_xy
    8   3   2  -1       1.63818088  d_yz
    8   3   2   0       1.84592154  d_z2
    8   3   2   1       1.64067844  d_xz
    8   3   2   2       1.67536488  d_x2-y2
    9   1   0   0       0.80075500  s
    9   2   1  -1       0.16124877  p_y
    9   2   1   0       0.17122062  p_z
    9   2   1   1       0.16055630  p_x
    9   3   2  -2       1.83684229  d_xy
    9   3   2  -1       1.65689458  d_yz
    9   3   2   0       1.83938491  d_z2
    9   3   2   1       1.66164889  d_xz
    9   3   2   2       1.70335999  d_x2-y2
   10   1   0   0       0.79949604  s
   10   2   1  -1       0.16140319  p_y
   10   2   1   0       0.17038137  p_z
   10   2   1   1       0.16090622  p_x
   10   3   2  -2       1.84478914  d_xy
   10   3   2  -1       1.64696289  d_yz
   10   3   2   0       1.84701571  d_z2
   10   3   2   1       1.65067101  d_xz
   10   3   2   2       1.70328407  d_x2-y2
   11   1   0   0       0.79986471  s
   11   2   1  -1       0.16148185  p_y
   11   2   1   0       0.17025717  p_z
   11   2   1   1       0.16093171  p_x
   11   3   2  -2       1.84498968  d_xy
   11   3   2  -1       1.64705645  d_yz
   11   3   2   0       1.84709551  d_z2
   11   3   2   1       1.65121086  d_xz
   11   3   2   2       1.70303668  d_x2-y2
   12   1   0   0       0.80036200  s
   12   2   1  -1       0.16109203  p_y
   12   2   1   0       0.17121715  p_z
   12   2   1   1       0.16076304  p_x
   12   3   2  -2       1.83673282  d_xy
   12   3   2  -1       1.65667639  d_yz
   12   3   2   0       1.83964046  d_z2
   12   3   2   1       1.66187533  d_xz
   12   3   2   2       1.70337677  d_x2-y2
   13   1   0   0       0.86820558  s
   13   2   1  -1       0.15772163  p_y
   13   2   1   0       0.13776214  p_z
   13   2   1   1       0.15767040  p_x
   13   3   2  -2       1.85425134  d_xy
   13   3   2  -1       1.77601488  d_yz
   13   3   2   0       1.88051054  d_z2
   13   3   2   1       1.77367299  d_xz
   13   3   2   2       1.52011071  d_x2-y2
   14   1   0   0       0.85748006  s
   14   2   1  -1       0.16283960  p_y
   14   2   1   0       0.14494651  p_z
   14   2   1   1       0.17586899  p_x
   14   3   2  -2       1.84404305  d_xy
   14   3   2  -1       1.73985358  d_yz
   14   3   2   0       1.88797032  d_z2
   14   3   2   1       1.76958538  d_xz
   14   3   2   2       1.56638848  d_x2-y2
   15   1   0   0       0.85312679  s
   15   2   1  -1       0.17547917  p_y
   15   2   1   0       0.14455300  p_z
   15   2   1   1       0.16263809  p_x
   15   3   2  -2       1.84554825  d_xy
   15   3   2  -1       1.77263474  d_yz
   15   3   2   0       1.88766012  d_z2
   15   3   2   1       1.74298605  d_xz
   15   3   2   2       1.56365923  d_x2-y2
   16   1   0   0       0.87964311  s
   16   2   1  -1       0.20572414  p_y
   16   2   1   0       0.19296298  p_z
   16   2   1   1       0.21819995  p_x
   16   3   2  -2       1.93525341  d_xy
   16   3   2  -1       1.67147390  d_yz
   16   3   2   0       1.25427929  d_z2
   16   3   2   1       1.54795143  d_xz
   16   3   2   2       1.63210174  d_x2-y2
   17   1   0   0       1.41582236  s
   17   2   1  -1       0.94102637  p_y
   17   2   1   0       1.03091337  p_z
   17   2   1   1       0.92208380  p_x
   18   1   0   0       0.90299346  s
   19   1   0   0       0.90256691  s

Fermi level:                        -0.1509638483 H           -4.1079 eV
Band energy:                       -42.9947436468 H        -1169.9465 eV
TS:                                  0.0021927073 H            0.0597 eV
Band free energy (E-TS):           -42.9969363541 H        -1170.0062 eV
Extrapolated E(0K):                -42.9958400004 H        -1169.9763 eV
Input / Output electrons (q):    166.0000000000    166.0000000000

Energy H0:                         -40.2643264456 H        -1095.6481 eV
Energy SCC:                          0.0086653336 H            0.2358 eV
Total Electronic energy:           -40.2556611120 H        -1095.4123 eV
Repulsive energy:                   -1.5686430391 H          -42.6849 eV
Total energy:                      -41.8243041512 H        -1138.0972 eV
Extrapolated to 0:                 -41.8254005048 H        -1138.1271 eV
Total Mermin free energy:          -41.8264968585 H        -1138.1569 eV
Force related energy:              -41.8264968585 H        -1138.1569 eV

SCC converged

Total Forces
    1      0.001394323854      0.001660729236      0.007665515772
    2      0.000567884980     -0.000347784474      0.014533733514
    3     -0.000621428299      0.000251014707      0.014586878449
    4     -0.001428473111     -0.001747153050      0.007644014607
    5      0.000169007256      0.000380482681     -0.019892734781
    6     -0.000070290659      0.000359959903     -0.017590264951
    7      0.000134516250      0.000355549103     -0.017614552327
    8      0.000127104123      0.000277290330     -0.029456219868
    9     -0.000663868398     -0.001829057331      0.000414160606
   10     -0.004538261679      0.003774766239      0.009406369186
   11      0.004128618229     -0.003668711622      0.009247566760
   12      0.000691792612      0.000823758921      0.000733812223
   13     -0.000035552410     -0.000061636391      0.014072880504
   14      0.000106110465     -0.000007395729      0.016879169136
   15      0.000271658666     -0.000086786847      0.015904402339
   16      0.000669723655     -0.000302603015     -0.001554446641
   17     -0.001145681546      0.000271466192     -0.032132336808
   18      0.003118910198     -0.004300537983      0.003519513032
   19     -0.002876094187      0.004196649130      0.003632539247

Total stress tensor
     -0.000122718222      0.000002542364     -0.000000700611
      0.000002542363     -0.000122623072     -0.000001023635
     -0.000000700611     -0.000001023635     -0.000008642887

Total lattice derivs
      0.051558454906     -0.001068140801      0.000294352432
     -0.001068140754      0.051518479190      0.000430066730
      0.000078865199      0.000115226849      0.000972898466

Maximal derivative component:        0.321323E-01 au

Volume:                              0.445754E+04 au^3
Pressure:                           -0.846614E-04 au    -0.249082E+10 Pa

Warning: dipole moment is not defined absolutely!
Dipole moment:    0.85435619    0.86828483    0.35416802 au
Dipole moment:    2.17155700    2.20696008    0.90020538 Debye


