 Fermi distribution function

Calculation with static geometry


********************************************************************************
 iSCC Total electronic   Diff electronic      SCC error    
   18   -0.39942187E+02   -0.96704866E-11    0.98302166E-09
********************************************************************************

 Total charge:    -0.00000000

 Atomic gross charges (e)
 Atom           Charge
    1      -0.02042541
    2      -0.04583054
    3      -0.02091239
    4      -0.02087421
    5       0.02867826
    6       0.07208115
    7       0.02780213
    8       0.02787600
    9      -0.00391782
   10      -0.10625764
   11      -0.00449603
   12      -0.00446758
   13       0.16781518
   14      -0.18352906
   15       0.16678592
   16       0.16690137
   17      -0.34445508
   18       0.09722576

Nr. of electrons (up):    165.00000000
Atom populations (up)
 Atom       Population
    1      10.02042541
    2      10.04583054
    3      10.02091239
    4      10.02087421
    5       9.97132174
    6       9.92791885
    7       9.97219787
    8       9.97212400
    9      10.00391782
   10      10.10625764
   11      10.00449603
   12      10.00446758
   13       9.83218482
   14      10.18352906
   15       9.83321408
   16       9.83309863
   17       4.34445508
   18       0.90277424

l-shell populations (up)
 Atom Sh.   l       Population
    1   1   0       0.87519238
    1   2   1       0.47226391
    1   3   2       8.67296913
    2   1   0       0.87183403
    2   2   1       0.47162240
    2   3   2       8.70237411
    3   1   0       0.87519031
    3   2   1       0.47220428
    3   3   2       8.67351780
    4   1   0       0.87519473
    4   2   1       0.47220733
    4   3   2       8.67347215
    5   1   0       0.77204797
    5   2   1       0.46896569
    5   3   2       8.73030808
    6   1   0       0.79088850
    6   2   1       0.48171823
    6   3   2       8.65531212
    7   1   0       0.77200396
    7   2   1       0.46896418
    7   3   2       8.73122973
    8   1   0       0.77202188
    8   2   1       0.46897691
    8   3   2       8.73112520
    9   1   0       0.78306997
    9   2   1       0.47686242
    9   3   2       8.74398543
   10   1   0       0.82644337
   10   2   1       0.45995518
   10   3   2       8.81985909
   11   1   0       0.78302901
   11   2   1       0.47688173
   11   3   2       8.74458529
   12   1   0       0.78302530
   12   2   1       0.47687816
   12   3   2       8.74456412
   13   1   0       0.85054045
   13   2   1       0.53849917
   13   3   2       8.44314519
   14   1   0       0.85129758
   14   2   1       0.49171472
   14   3   2       8.84051676
   15   1   0       0.85075652
   15   2   1       0.53839593
   15   3   2       8.44406164
   16   1   0       0.85071512
   16   2   1       0.53842657
   16   3   2       8.44395694
   17   1   0       1.44365509
   17   2   1       2.90079999
   18   1   0       0.90277424

Orbital populations (up)
 Atom Sh.   l   m       Population  Label
    1   1   0   0       0.87519238  s
    1   2   1  -1       0.16076393  p_y
    1   2   1   0       0.15029052  p_z
    1   2   1   1       0.16120946  p_x
    1   3   2  -2       1.58518535  d_xy
    1   3   2  -1       1.84904330  d_yz
    1   3   2   0       1.80773572  d_z2
    1   3   2   1       1.84499382  d_xz
    1   3   2   2       1.58601095  d_x2-y2
    2   1   0   0       0.87183403  s
    2   2   1  -1       0.15843278  p_y
    2   2   1   0       0.15474849  p_z
    2   2   1   1       0.15844113  p_x
    2   3   2  -2       1.57872148  d_xy
    2   3   2  -1       1.86280382  d_yz
    2   3   2   0       1.81950588  d_z2
    2   3   2   1       1.86271436  d_xz
    2   3   2   2       1.57862858  d_x2-y2
    3   1   0   0       0.87519031  s
    3   2   1  -1       0.16072015  p_y
    3   2   1   0       0.15030708  p_z
    3   2   1   1       0.16117705  p_x
    3   3   2  -2       1.58510680  d_xy
    3   3   2  -1       1.84928320  d_yz
    3   3   2   0       1.80779563  d_z2
    3   3   2   1       1.84524141  d_xz
    3   3   2   2       1.58609077  d_x2-y2
    4   1   0   0       0.87519473  s
    4   2   1  -1       0.16139173  p_y
    4   2   1   0       0.15030569  p_z
    4   2   1   1       0.16050991  p_x
    4   3   2  -2       1.58650620  d_xy
    4   3   2  -1       1.84314607  d_yz
    4   3   2   0       1.80778577  d_z2
    4   3   2   1       1.85135525  d_xz
    4   3   2   2       1.58467886  d_x2-y2
    5   1   0   0       0.77204797  s
    5   2   1  -1       0.15284625  p_y
    5   2   1   0       0.16308069  p_z
    5   2   1   1       0.15303875  p_x
    5   3   2  -2       1.71964733  d_xy
    5   3   2  -1       1.83293546  d_yz
    5   3   2   0       1.61446012  d_z2
    5   3   2   1       1.84485752  d_xz
    5   3   2   2       1.71840764  d_x2-y2
    6   1   0   0       0.79088850  s
    6   2   1  -1       0.15741879  p_y
    6   2   1   0       0.16688018  p_z
    6   2   1   1       0.15741926  p_x
    6   3   2  -2       1.72082267  d_xy
    6   3   2  -1       1.78188993  d_yz
    6   3   2   0       1.64991573  d_z2
    6   3   2   1       1.78177570  d_xz
    6   3   2   2       1.72090811  d_x2-y2
    7   1   0   0       0.77200396  s
    7   2   1  -1       0.15282822  p_y
    7   2   1   0       0.16312592  p_z
    7   2   1   1       0.15301004  p_x
    7   3   2  -2       1.71978677  d_xy
    7   3   2  -1       1.83294767  d_yz
    7   3   2   0       1.61485208  d_z2
    7   3   2   1       1.84528458  d_xz
    7   3   2   2       1.71835864  d_x2-y2
    8   1   0   0       0.77202188  s
    8   2   1  -1       0.15311737  p_y
    8   2   1   0       0.16313064  p_z
    8   2   1   1       0.15272890  p_x
    8   3   2  -2       1.71781925  d_xy
    8   3   2  -1       1.85112840  d_yz
    8   3   2   0       1.61481129  d_z2
    8   3   2   1       1.82705623  d_xz
    8   3   2   2       1.72031003  d_x2-y2
    9   1   0   0       0.78306997  s
    9   2   1  -1       0.15777304  p_y
    9   2   1   0       0.16340765  p_z
    9   2   1   1       0.15568173  p_x
    9   3   2  -2       1.71843259  d_xy
    9   3   2  -1       1.81892505  d_yz
    9   3   2   0       1.67965585  d_z2
    9   3   2   1       1.80435119  d_xz
    9   3   2   2       1.72262075  d_x2-y2
   10   1   0   0       0.82644337  s
   10   2   1  -1       0.15167757  p_y
   10   2   1   0       0.15657621  p_z
   10   2   1   1       0.15170139  p_x
   10   3   2  -2       1.72457243  d_xy
   10   3   2  -1       1.84537378  d_yz
   10   3   2   0       1.68010267  d_z2
   10   3   2   1       1.84531314  d_xz
   10   3   2   2       1.72449707  d_x2-y2
   11   1   0   0       0.78302901  s
   11   2   1  -1       0.15775655  p_y
   11   2   1   0       0.16344800  p_z
   11   2   1   1       0.15567718  p_x
   11   3   2  -2       1.71854316  d_xy
   11   3   2  -1       1.81887150  d_yz
   11   3   2   0       1.67983858  d_z2
   11   3   2   1       1.80466549  d_xz
   11   3   2   2       1.72266655  d_x2-y2
   12   1   0   0       0.78302530  s
   12   2   1  -1       0.15461685  p_y
   12   2   1   0       0.16344569  p_z
   12   2   1   1       0.15881561  p_x
   12   3   2  -2       1.72479918  d_xy
   12   3   2  -1       1.79724279  d_yz
   12   3   2   0       1.67982730  d_z2
   12   3   2   1       1.82631582  d_xz
   12   3   2   2       1.71637903  d_x2-y2
   13   1   0   0       0.85054045  s
   13   2   1  -1       0.17404940  p_y
   13   2   1   0       0.20387424  p_z
   13   2   1   1       0.16057553  p_x
   13   3   2  -2       1.61260871  d_xy
   13   3   2  -1       1.79844713  d_yz
   13   3   2   0       1.77811122  d_z2
   13   3   2   1       1.63503647  d_xz
   13   3   2   2       1.61894166  d_x2-y2
   14   1   0   0       0.85129758  s
   14   2   1  -1       0.16521353  p_y
   14   2   1   0       0.16123218  p_z
   14   2   1   1       0.16526902  p_x
   14   3   2  -2       1.68938572  d_xy
   14   3   2  -1       1.81831820  d_yz
   14   3   2   0       1.82528581  d_z2
   14   3   2   1       1.81822747  d_xz
   14   3   2   2       1.68929955  d_x2-y2
   15   1   0   0       0.85075652  s
   15   2   1  -1       0.17405125  p_y
   15   2   1   0       0.20381622  p_z
   15   2   1   1       0.16052846  p_x
   15   3   2  -2       1.61249939  d_xy
   15   3   2  -1       1.79921509  d_yz
   15   3   2   0       1.77833481  d_z2
   15   3   2   1       1.63522287  d_xz
   15   3   2   2       1.61878948  d_x2-y2
   16   1   0   0       0.85071512  s
   16   2   1  -1       0.15379762  p_y
   16   2   1   0       0.20383848  p_z
   16   2   1   1       0.18079047  p_x
   16   3   2  -2       1.62215291  d_xy
   16   3   2  -1       1.55369929  d_yz
   16   3   2   0       1.77826649  d_z2
   16   3   2   1       1.88063399  d_xz
   16   3   2   2       1.60920426  d_x2-y2
   17   1   0   0       1.44365509  s
   17   2   1  -1       0.97094230  p_y
   17   2   1   0       0.95889024  p_z
   17   2   1   1       0.97096745  p_x
   18   1   0   0       0.90277424  s

Fermi level:                        -0.1393984644 H           -3.7932 eV
Band energy:                       -41.0693699904 H        -1117.5544 eV
TS:                                  0.0019260784 H            0.0524 eV
Band free energy (E-TS):           -41.0712960689 H        -1117.6068 eV
Extrapolated E(0K):                -41.0703330296 H        -1117.5806 eV
Input / Output electrons (q):    165.0000000000    165.0000000000

Energy H0:                         -39.9475725001 H        -1087.0288 eV
Energy SCC:                          0.0053856040 H            0.1465 eV
Total Electronic energy:           -39.9421868961 H        -1086.8822 eV
Repulsive energy:                   -1.6391275950 H          -44.6029 eV
Total energy:                      -41.5813144911 H        -1131.4851 eV
Extrapolated to 0:                 -41.5822775303 H        -1131.5113 eV
Total Mermin free energy:          -41.5832405695 H        -1131.5375 eV
Force related energy:              -41.5832405695 H        -1131.5375 eV

SCC converged

Total Forces
    1      0.000553598844      0.000326982916     -0.002029601943
    2     -0.000724831310     -0.000392637754     -0.003420187017
    3     -0.000309552790      0.000702851853     -0.002001659096
    4      0.000571827123     -0.000648795552     -0.002003934016
    5     -0.000357030318     -0.000211133938     -0.006327255949
    6     -0.000101088937     -0.000025365729     -0.016283512938
    7      0.000319119641     -0.000158432581     -0.006140074637
    8      0.000037223859      0.000377296160     -0.006160735134
    9     -0.002656336020     -0.001586003836      0.019621033501
   10      0.001002966543      0.000584058155      0.021796520985
   11      0.002326143565     -0.001865993904      0.019448437063
   12     -0.000483144177      0.002977107900      0.019474036878
   13      0.026624106799      0.015411108921     -0.008677588367
   14      0.000925334762      0.000446042097      0.020290077717
   15     -0.027088601306      0.014825629638     -0.008856726887
   16     -0.000699618066     -0.030799934697     -0.008803772284
   17      0.000061352039      0.000025270353     -0.029415716173
   18     -0.000001470250      0.000011949996     -0.000509341705

Total stress tensor
     -0.000208433249     -0.000000164947     -0.000000319744
     -0.000000164947     -0.000208328467     -0.000000048153
     -0.000000319744     -0.000000048153     -0.000000324544

Total lattice derivs
      0.079136173636     -0.045624542617      0.000110893158
      0.000072346889      0.091374393613      0.000021120131
      0.000031170356      0.000004694191      0.000031638288

Maximal derivative component:        0.307999E-01 au

Volume:                              0.403005E+04 au^3
Pressure:                           -0.139029E-03 au    -0.409037E+10 Pa

Warning: dipole moment is not defined absolutely!
Dipole moment:    3.35941137    1.93901650    0.31572604 au
Dipole moment:    8.53877268    4.92848874    0.80249560 Debye


