 Fermi distribution function

Calculation with static geometry


********************************************************************************
 iSCC Total electronic   Diff electronic      SCC error    
   22   -0.43309442E+02   -0.41637804E-11    0.45060844E-10
********************************************************************************

 Total charge:    -0.00000000

 Atomic gross charges (e)
 Atom           Charge
    1      -0.09066047
    2      -0.04940913
    3      -0.04788264
    4      -0.03719006
    5       0.06812690
    6       0.06834294
    7       0.06809168
    8       0.06828388
    9      -0.00523908
   10       0.01595685
   11       0.01772547
   12      -0.03764086
   13      -0.03413229
   14       0.00829607
   15      -0.03366716
   16       0.00866369
   17       0.03805408
   18      -0.35373982
   19       0.32801995

Nr. of electrons (up):    171.00000000
Atom populations (up)
 Atom       Population
    1      10.09066047
    2      10.04940913
    3      10.04788264
    4      10.03719006
    5       9.93187310
    6       9.93165706
    7       9.93190832
    8       9.93171612
    9      10.00523908
   10       9.98404315
   11       9.98227453
   12      10.03764086
   13      10.03413229
   14       9.99170393
   15      10.03366716
   16       9.99133631
   17       3.96194592
   18       6.35373982
   19       0.67198005

l-shell populations (up)
 Atom Sh.   l       Population
    1   1   0       0.87486292
    1   2   1       0.44624213
    1   3   2       8.76955542
    2   1   0       0.87452735
    2   2   1       0.44642880
    2   3   2       8.72845298
    3   1   0       0.87368498
    3   2   1       0.44659579
    3   3   2       8.72760188
    4   1   0       0.86992066
    4   2   1       0.45371262
    4   3   2       8.71355678
    5   1   0       0.78934885
    5   2   1       0.48937311
    5   3   2       8.65315114
    6   1   0       0.79025235
    6   2   1       0.49058163
    6   3   2       8.65082309
    7   1   0       0.78935444
    7   2   1       0.48937031
    7   3   2       8.65318357
    8   1   0       0.79025734
    8   2   1       0.49057324
    8   3   2       8.65088554
    9   1   0       0.77537263
    9   2   1       0.46673493
    9   3   2       8.76313152
   10   1   0       0.78836501
   10   2   1       0.48612339
   10   3   2       8.70955475
   11   1   0       0.78813956
   11   2   1       0.48563284
   11   3   2       8.70850214
   12   1   0       0.81619261
   12   2   1       0.46965551
   12   3   2       8.75179273
   13   1   0       0.84101045
   13   2   1       0.51638101
   13   3   2       8.67674083
   14   1   0       0.83463007
   14   2   1       0.50741912
   14   3   2       8.64965475
   15   1   0       0.84110378
   15   2   1       0.51646455
   15   3   2       8.67609883
   16   1   0       0.83474401
   16   2   1       0.50751559
   16   3   2       8.64907671
   17   1   0       1.37321715
   17   2   1       2.58872877
   18   1   0       1.72171742
   18   2   1       4.63202240
   19   1   0       0.67198005

Orbital populations (up)
 Atom Sh.   l   m       Population  Label
    1   1   0   0       0.87486292  s
    1   2   1  -1       0.15483332  p_y
    1   2   1   0       0.13645566  p_z
    1   2   1   1       0.15495314  p_x
    1   3   2  -2       1.83466780  d_xy
    1   3   2  -1       1.78101042  d_yz
    1   3   2   0       1.86763570  d_z2
    1   3   2   1       1.78224394  d_xz
    1   3   2   2       1.50399757  d_x2-y2
    2   1   0   0       0.87452735  s
    2   2   1  -1       0.15646167  p_y
    2   2   1   0       0.13047087  p_z
    2   2   1   1       0.15949627  p_x
    2   3   2  -2       1.83513800  d_xy
    2   3   2  -1       1.74672548  d_yz
    2   3   2   0       1.85770428  d_z2
    2   3   2   1       1.77227284  d_xz
    2   3   2   2       1.51661237  d_x2-y2
    3   1   0   0       0.87368498  s
    3   2   1  -1       0.15958316  p_y
    3   2   1   0       0.13029261  p_z
    3   2   1   1       0.15672002  p_x
    3   3   2  -2       1.83484498  d_xy
    3   3   2  -1       1.77221355  d_yz
    3   3   2   0       1.85648621  d_z2
    3   3   2   1       1.74736329  d_xz
    3   3   2   2       1.51669384  d_x2-y2
    4   1   0   0       0.86992066  s
    4   2   1  -1       0.16034942  p_y
    4   2   1   0       0.13313011  p_z
    4   2   1   1       0.16023309  p_x
    4   3   2  -2       1.82206489  d_xy
    4   3   2  -1       1.75715965  d_yz
    4   3   2   0       1.86418888  d_z2
    4   3   2   1       1.75755702  d_xz
    4   3   2   2       1.51258635  d_x2-y2
    5   1   0   0       0.78934885  s
    5   2   1  -1       0.15962785  p_y
    5   2   1   0       0.17041448  p_z
    5   2   1   1       0.15933077  p_x
    5   3   2  -2       1.86827345  d_xy
    5   3   2  -1       1.64143391  d_yz
    5   3   2   0       1.83968170  d_z2
    5   3   2   1       1.63905954  d_xz
    5   3   2   2       1.66470255  d_x2-y2
    6   1   0   0       0.79025235  s
    6   2   1  -1       0.15990310  p_y
    6   2   1   0       0.17081432  p_z
    6   2   1   1       0.15986421  p_x
    6   3   2  -2       1.86767938  d_xy
    6   3   2  -1       1.63792568  d_yz
    6   3   2   0       1.83963243  d_z2
    6   3   2   1       1.64082370  d_xz
    6   3   2   2       1.66476190  d_x2-y2
    7   1   0   0       0.78935444  s
    7   2   1  -1       0.15962555  p_y
    7   2   1   0       0.17041356  p_z
    7   2   1   1       0.15933120  p_x
    7   3   2  -2       1.86831924  d_xy
    7   3   2  -1       1.64135591  d_yz
    7   3   2   0       1.83969178  d_z2
    7   3   2   1       1.63909479  d_xz
    7   3   2   2       1.66472184  d_x2-y2
    8   1   0   0       0.79025734  s
    8   2   1  -1       0.15989876  p_y
    8   2   1   0       0.17081166  p_z
    8   2   1   1       0.15986282  p_x
    8   3   2  -2       1.86772783  d_xy
    8   3   2  -1       1.63786555  d_yz
    8   3   2   0       1.83964741  d_z2
    8   3   2   1       1.64086772  d_xz
    8   3   2   2       1.66477703  d_x2-y2
    9   1   0   0       0.77537263  s
    9   2   1  -1       0.15444769  p_y
    9   2   1   0       0.15804480  p_z
    9   2   1   1       0.15424244  p_x
    9   3   2  -2       1.85571103  d_xy
    9   3   2  -1       1.66284918  d_yz
    9   3   2   0       1.87916912  d_z2
    9   3   2   1       1.66219073  d_xz
    9   3   2   2       1.70321146  d_x2-y2
   10   1   0   0       0.78836501  s
   10   2   1  -1       0.16284798  p_y
   10   2   1   0       0.16861733  p_z
   10   2   1   1       0.15465807  p_x
   10   3   2  -2       1.86098002  d_xy
   10   3   2  -1       1.64958588  d_yz
   10   3   2   0       1.81202853  d_z2
   10   3   2   1       1.68909626  d_xz
   10   3   2   2       1.69786405  d_x2-y2
   11   1   0   0       0.78813956  s
   11   2   1  -1       0.15441761  p_y
   11   2   1   0       0.16823545  p_z
   11   2   1   1       0.16297978  p_x
   11   3   2  -2       1.85883875  d_xy
   11   3   2  -1       1.68833054  d_yz
   11   3   2   0       1.81340209  d_z2
   11   3   2   1       1.64687679  d_xz
   11   3   2   2       1.70105397  d_x2-y2
   12   1   0   0       0.81619261  s
   12   2   1  -1       0.15152311  p_y
   12   2   1   0       0.16567965  p_z
   12   2   1   1       0.15245275  p_x
   12   3   2  -2       1.85538546  d_xy
   12   3   2  -1       1.71155959  d_yz
   12   3   2   0       1.81320600  d_z2
   12   3   2   1       1.70867269  d_xz
   12   3   2   2       1.66296899  d_x2-y2
   13   1   0   0       0.84101045  s
   13   2   1  -1       0.17685428  p_y
   13   2   1   0       0.16305792  p_z
   13   2   1   1       0.17646881  p_x
   13   3   2  -2       1.76913291  d_xy
   13   3   2  -1       1.73934312  d_yz
   13   3   2   0       1.88134410  d_z2
   13   3   2   1       1.74249337  d_xz
   13   3   2   2       1.54442733  d_x2-y2
   14   1   0   0       0.83463007  s
   14   2   1  -1       0.17520606  p_y
   14   2   1   0       0.15963878  p_z
   14   2   1   1       0.17257428  p_x
   14   3   2  -2       1.76128532  d_xy
   14   3   2  -1       1.73354371  d_yz
   14   3   2   0       1.87945296  d_z2
   14   3   2   1       1.74164787  d_xz
   14   3   2   2       1.53372489  d_x2-y2
   15   1   0   0       0.84110378  s
   15   2   1  -1       0.17690326  p_y
   15   2   1   0       0.16315269  p_z
   15   2   1   1       0.17640860  p_x
   15   3   2  -2       1.76885919  d_xy
   15   3   2  -1       1.73931915  d_yz
   15   3   2   0       1.88133469  d_z2
   15   3   2   1       1.74210916  d_xz
   15   3   2   2       1.54447665  d_x2-y2
   16   1   0   0       0.83474401  s
   16   2   1  -1       0.17525030  p_y
   16   2   1   0       0.15973922  p_z
   16   2   1   1       0.17252607  p_x
   16   3   2  -2       1.76105150  d_xy
   16   3   2  -1       1.73346049  d_yz
   16   3   2   0       1.87944203  d_z2
   16   3   2   1       1.74133281  d_xz
   16   3   2   2       1.53378988  d_x2-y2
   17   1   0   0       1.37321715  s
   17   2   1  -1       0.86894419  p_y
   17   2   1   0       0.81774892  p_z
   17   2   1   1       0.90203567  p_x
   18   1   0   0       1.72171742  s
   18   2   1  -1       1.84879833  p_y
   18   2   1   0       1.28854177  p_z
   18   2   1   1       1.49468230  p_x
   19   1   0   0       0.67198005  s

Fermi level:                        -0.1441543687 H           -3.9226 eV
Band energy:                       -44.7954301025 H        -1218.9457 eV
TS:                                  0.0025544035 H            0.0695 eV
Band free energy (E-TS):           -44.7979845060 H        -1219.0152 eV
Extrapolated E(0K):                -44.7967073042 H        -1218.9804 eV
Input / Output electrons (q):    171.0000000000    171.0000000000

Energy H0:                         -43.3216398249 H        -1178.8418 eV
Energy SCC:                          0.0121978959 H            0.3319 eV
Total Electronic energy:           -43.3094419290 H        -1178.5099 eV
Repulsive energy:                   -1.5118461518 H          -41.1394 eV
Total energy:                      -44.8212880807 H        -1219.6493 eV
Extrapolated to 0:                 -44.8225652825 H        -1219.6841 eV
Total Mermin free energy:          -44.8238424843 H        -1219.7188 eV
Force related energy:              -44.8238424843 H        -1219.7188 eV

SCC converged

Total Forces
    1     -0.000080049023      0.000000683753      0.005915443848
    2     -0.000122484358      0.000008608540      0.013205297176
    3     -0.000133807779      0.000003951459      0.013133610200
    4     -0.000038005824      0.000006235761      0.015688258595
    5     -0.007212109056     -0.007871851370     -0.019939783739
    6      0.008678208331     -0.007696237936     -0.019856695280
    7     -0.007144216314      0.007782411035     -0.019974357722
    8      0.008598978398      0.007625333806     -0.019893564733
    9      0.001422308029      0.000301352648      0.028347997420
   10     -0.000388798792     -0.000266593419      0.008387299084
   11     -0.000058296228     -0.000148897846      0.009467414926
   12     -0.000974302263      0.000350173328     -0.016659337059
   13     -0.009317764319     -0.009121969889      0.000492925819
   14      0.008539447105     -0.009623052813     -0.003942829809
   15     -0.008837668121      0.009171267979      0.000457682671
   16      0.008130268428      0.009534702519     -0.003959551177
   17      0.001598519410     -0.000071572220     -0.015006130005
   18     -0.004028292921      0.000016405889      0.022811436628
   19      0.001368065298     -0.000000951224      0.001324883156

Total stress tensor
     -0.000150089573     -0.000000004629     -0.000005719212
     -0.000000004629     -0.000148400696      0.000000014037
     -0.000005719211      0.000000014037      0.000003584568

Total lattice derivs
      0.063058170187      0.000001944606      0.002402851942
      0.000001944612      0.062348610459     -0.000005897597
      0.000643790892     -0.000001580128     -0.000403501853

Maximal derivative component:        0.283480E-01 au

Volume:                              0.445754E+04 au^3
Pressure:                           -0.983019E-04 au    -0.289214E+10 Pa

Warning: dipole moment is not defined absolutely!
Dipole moment:   -0.92355252   -0.55538766    0.69160082 au
Dipole moment:   -2.34743655   -1.41165473    1.75787408 Debye


