 Fermi distribution function

Calculation with static geometry


********************************************************************************
 iSCC Total electronic   Diff electronic      SCC error    
   20   -0.39938658E+02    0.20548896E-10    0.16217250E-09
********************************************************************************

 Total charge:    -0.00000000

 Atomic gross charges (e)
 Atom           Charge
    1      -0.06113140
    2      -0.04662324
    3      -0.06169093
    4      -0.04691564
    5       0.05780607
    6       0.05758361
    7       0.07856733
    8       0.07835374
    9      -0.00801130
   10      -0.02297249
   11      -0.00754625
   12      -0.02168330
   13      -0.15041738
   14      -0.14940036
   15       0.24917619
   16       0.24785194
   17      -0.30116194
   18       0.10821534

Nr. of electrons (up):    165.00000000
Atom populations (up)
 Atom       Population
    1      10.06113140
    2      10.04662324
    3      10.06169093
    4      10.04691564
    5       9.94219393
    6       9.94241639
    7       9.92143267
    8       9.92164626
    9      10.00801130
   10      10.02297249
   11      10.00754625
   12      10.02168330
   13      10.15041738
   14      10.14940036
   15       9.75082381
   16       9.75214806
   17       4.30116194
   18       0.89178466

l-shell populations (up)
 Atom Sh.   l       Population
    1   1   0       0.87211307
    1   2   1       0.44497294
    1   3   2       8.74404539
    2   1   0       0.87028639
    2   2   1       0.44745476
    2   3   2       8.72888209
    3   1   0       0.87194792
    3   2   1       0.44495468
    3   3   2       8.74478832
    4   1   0       0.87045592
    4   2   1       0.44734129
    4   3   2       8.72911843
    5   1   0       0.77902013
    5   2   1       0.47543782
    5   3   2       8.68773598
    6   1   0       0.77902248
    6   2   1       0.47538592
    6   3   2       8.68800799
    7   1   0       0.79705852
    7   2   1       0.49775350
    7   3   2       8.62662065
    8   1   0       0.79697258
    8   2   1       0.49774108
    8   3   2       8.62693260
    9   1   0       0.78768006
    9   2   1       0.48274276
    9   3   2       8.73758848
   10   1   0       0.81394948
   10   2   1       0.48608279
   10   3   2       8.72294021
   11   1   0       0.78744220
   11   2   1       0.48230327
   11   3   2       8.73780079
   12   1   0       0.81278826
   12   2   1       0.48662583
   12   3   2       8.72226921
   13   1   0       0.85511754
   13   2   1       0.47383208
   13   3   2       8.82146776
   14   1   0       0.85518147
   14   2   1       0.47405857
   14   3   2       8.82016032
   15   1   0       0.88819610
   15   2   1       0.58410615
   15   3   2       8.27852156
   16   1   0       0.88822881
   16   2   1       0.58427620
   16   3   2       8.27964305
   17   1   0       1.47081989
   17   2   1       2.83034205
   18   1   0       0.89178466

Orbital populations (up)
 Atom Sh.   l   m       Population  Label
    1   1   0   0       0.87211307  s
    1   2   1  -1       0.15637554  p_y
    1   2   1   0       0.13202680  p_z
    1   2   1   1       0.15657060  p_x
    1   3   2  -2       1.83215666  d_xy
    1   3   2  -1       1.76792695  d_yz
    1   3   2   0       1.86124324  d_z2
    1   3   2   1       1.77633781  d_xz
    1   3   2   2       1.50638074  d_x2-y2
    2   1   0   0       0.87028639  s
    2   2   1  -1       0.15806098  p_y
    2   2   1   0       0.13115683  p_z
    2   2   1   1       0.15823694  p_x
    2   3   2  -2       1.83155625  d_xy
    2   3   2  -1       1.75602662  d_yz
    2   3   2   0       1.85812878  d_z2
    2   3   2   1       1.76967503  d_xz
    2   3   2   2       1.51349541  d_x2-y2
    3   1   0   0       0.87194792  s
    3   2   1  -1       0.15632453  p_y
    3   2   1   0       0.13207524  p_z
    3   2   1   1       0.15655491  p_x
    3   3   2  -2       1.83208730  d_xy
    3   3   2  -1       1.76789383  d_yz
    3   3   2   0       1.86128673  d_z2
    3   3   2   1       1.77715729  d_xz
    3   3   2   2       1.50636317  d_x2-y2
    4   1   0   0       0.87045592  s
    4   2   1  -1       0.15800331  p_y
    4   2   1   0       0.13111479  p_z
    4   2   1   1       0.15822319  p_x
    4   3   2  -2       1.83193851  d_xy
    4   3   2  -1       1.75547055  d_yz
    4   3   2   0       1.85807308  d_z2
    4   3   2   1       1.76984343  d_xz
    4   3   2   2       1.51379286  d_x2-y2
    5   1   0   0       0.77902013  s
    5   2   1  -1       0.15402044  p_y
    5   2   1   0       0.16439616  p_z
    5   2   1   1       0.15702122  p_x
    5   3   2  -2       1.87635031  d_xy
    5   3   2  -1       1.65626528  d_yz
    5   3   2   0       1.83608042  d_z2
    5   3   2   1       1.66160660  d_xz
    5   3   2   2       1.65743337  d_x2-y2
    6   1   0   0       0.77902248  s
    6   2   1  -1       0.15401541  p_y
    6   2   1   0       0.16437876  p_z
    6   2   1   1       0.15699175  p_x
    6   3   2  -2       1.87633435  d_xy
    6   3   2  -1       1.65650119  d_yz
    6   3   2   0       1.83613963  d_z2
    6   3   2   1       1.66164394  d_xz
    6   3   2   2       1.65738887  d_x2-y2
    7   1   0   0       0.79705852  s
    7   2   1  -1       0.16271137  p_y
    7   2   1   0       0.17400315  p_z
    7   2   1   1       0.16103899  p_x
    7   3   2  -2       1.86554306  d_xy
    7   3   2  -1       1.64151031  d_yz
    7   3   2   0       1.83534029  d_z2
    7   3   2   1       1.62026087  d_xz
    7   3   2   2       1.66396611  d_x2-y2
    8   1   0   0       0.79697258  s
    8   2   1  -1       0.16271338  p_y
    8   2   1   0       0.17401083  p_z
    8   2   1   1       0.16101687  p_x
    8   3   2  -2       1.86563741  d_xy
    8   3   2  -1       1.64181020  d_yz
    8   3   2   0       1.83528750  d_z2
    8   3   2   1       1.62027594  d_xz
    8   3   2   2       1.66392155  d_x2-y2
    9   1   0   0       0.78768006  s
    9   2   1  -1       0.15778673  p_y
    9   2   1   0       0.16764098  p_z
    9   2   1   1       0.15731505  p_x
    9   3   2  -2       1.85267726  d_xy
    9   3   2  -1       1.68296838  d_yz
    9   3   2   0       1.84793483  d_z2
    9   3   2   1       1.66481532  d_xz
    9   3   2   2       1.68919270  d_x2-y2
   10   1   0   0       0.81394948  s
   10   2   1  -1       0.16244118  p_y
   10   2   1   0       0.16688236  p_z
   10   2   1   1       0.15675925  p_x
   10   3   2  -2       1.84733890  d_xy
   10   3   2  -1       1.66948065  d_yz
   10   3   2   0       1.82779716  d_z2
   10   3   2   1       1.67984092  d_xz
   10   3   2   2       1.69848258  d_x2-y2
   11   1   0   0       0.78744220  s
   11   2   1  -1       0.15769251  p_y
   11   2   1   0       0.16747743  p_z
   11   2   1   1       0.15713332  p_x
   11   3   2  -2       1.85288267  d_xy
   11   3   2  -1       1.68221192  d_yz
   11   3   2   0       1.84836560  d_z2
   11   3   2   1       1.66551674  d_xz
   11   3   2   2       1.68882385  d_x2-y2
   12   1   0   0       0.81278826  s
   12   2   1  -1       0.16277198  p_y
   12   2   1   0       0.16697715  p_z
   12   2   1   1       0.15687671  p_x
   12   3   2  -2       1.84704011  d_xy
   12   3   2  -1       1.66818886  d_yz
   12   3   2   0       1.82848957  d_z2
   12   3   2   1       1.68023242  d_xz
   12   3   2   2       1.69831826  d_x2-y2
   13   1   0   0       0.85511754  s
   13   2   1  -1       0.16135971  p_y
   13   2   1   0       0.14532102  p_z
   13   2   1   1       0.16715135  p_x
   13   3   2  -2       1.85405620  d_xy
   13   3   2  -1       1.74409485  d_yz
   13   3   2   0       1.88671791  d_z2
   13   3   2   1       1.78404062  d_xz
   13   3   2   2       1.55255818  d_x2-y2
   14   1   0   0       0.85518147  s
   14   2   1  -1       0.16139889  p_y
   14   2   1   0       0.14546454  p_z
   14   2   1   1       0.16719514  p_x
   14   3   2  -2       1.85349505  d_xy
   14   3   2  -1       1.74339126  d_yz
   14   3   2   0       1.88689546  d_z2
   14   3   2   1       1.78348310  d_xz
   14   3   2   2       1.55289544  d_x2-y2
   15   1   0   0       0.88819610  s
   15   2   1  -1       0.21361074  p_y
   15   2   1   0       0.20930915  p_z
   15   2   1   1       0.16118625  p_x
   15   3   2  -2       1.77430515  d_xy
   15   3   2  -1       1.73436270  d_yz
   15   3   2   0       1.78460958  d_z2
   15   3   2   1       1.44730358  d_xz
   15   3   2   2       1.53794055  d_x2-y2
   16   1   0   0       0.88822881  s
   16   2   1  -1       0.21354129  p_y
   16   2   1   0       0.20953583  p_z
   16   2   1   1       0.16119908  p_x
   16   3   2  -2       1.77467345  d_xy
   16   3   2  -1       1.73529771  d_yz
   16   3   2   0       1.78469539  d_z2
   16   3   2   1       1.44732103  d_xz
   16   3   2   2       1.53765549  d_x2-y2
   17   1   0   0       1.47081989  s
   17   2   1  -1       0.82247479  p_y
   17   2   1   0       0.97707685  p_z
   17   2   1   1       1.03079042  p_x
   18   1   0   0       0.89178466  s

Fermi level:                        -0.1469438662 H           -3.9985 eV
Band energy:                       -42.1066577852 H        -1145.7805 eV
TS:                                  0.0026853740 H            0.0731 eV
Band free energy (E-TS):           -42.1093431592 H        -1145.8535 eV
Extrapolated E(0K):                -42.1080004722 H        -1145.8170 eV
Input / Output electrons (q):    165.0000000000    165.0000000000

Energy H0:                         -39.9465152864 H        -1087.0000 eV
Energy SCC:                          0.0078571612 H            0.2138 eV
Total Electronic energy:           -39.9386581252 H        -1086.7862 eV
Repulsive energy:                   -1.5537776044 H          -42.2804 eV
Total energy:                      -41.4924357297 H        -1129.0666 eV
Extrapolated to 0:                 -41.4937784167 H        -1129.1032 eV
Total Mermin free energy:          -41.4951211036 H        -1129.1397 eV
Force related energy:              -41.4951211036 H        -1129.1397 eV

SCC converged

Total Forces
    1      0.000006677204      0.000787938649      0.010163317401
    2      0.000010190331      0.001070929334      0.012961621855
    3      0.000004162177     -0.000862791656      0.009993027725
    4     -0.000000172214     -0.001053711058      0.013013308299
    5     -0.003604379405      0.000216763396     -0.020249103594
    6      0.003542719822      0.000201077529     -0.020137230186
    7     -0.001678711387     -0.000076343392     -0.022464457627
    8      0.001590409461     -0.000083893800     -0.022422113248
    9      0.000166555948      0.008005436667      0.015738542627
   10     -0.000244992746     -0.001099921306      0.002540700022
   11      0.000237302143     -0.008077176231      0.016226794390
   12     -0.000201555731      0.001088066241      0.003022551113
   13     -0.002091994760      0.000100792934      0.017400260797
   14      0.001897804300      0.000300436638      0.017569896070
   15      0.034328370375      0.000413323776      0.000997187570
   16     -0.034248850063      0.000423859758      0.001002139236
   17      0.000126032615     -0.001413847267     -0.034572072398
   18      0.000160431932      0.000059059788     -0.000784370051

Total stress tensor
     -0.000145487376      0.000000014411      0.000000458584
      0.000000014411     -0.000130575885     -0.000000918022
      0.000000458584     -0.000000918022     -0.000026541105

Total lattice derivs
      0.061124617075     -0.000006054576     -0.000192668118
     -0.000006054563      0.054859749451      0.000385695125
     -0.000051621151      0.000103338463      0.002987635947

Maximal derivative component:        0.345721E-01 au

Volume:                              0.445754E+04 au^3
Pressure:                           -0.100868E-03 au    -0.296764E+10 Pa

Warning: dipole moment is not defined absolutely!
Dipole moment:   -0.73648119    0.97517837    0.50322736 au
Dipole moment:   -1.87194861    2.47865637    1.27907647 Debye


